{"/Users/jamescool/merchi_sdk_ts/src/cookie.ts": {"path":"/Users/jamescool/merchi_sdk_ts/src/cookie.ts","statementMap":{"0":{"start":{"line":15,"column":2},"end":{"line":15,"column":19}},"1":{"start":{"line":1,"column":0},"end":{"line":1,"column":16}}},"fnMap":{"0":{"name":"getCookie","decl":{"start":{"line":1,"column":16},"end":{"line":1,"column":25}},"loc":{"start":{"line":1,"column":38},"end":{"line":16,"column":1}}}},"branchMap":{},"s":{"0":0,"1":0},"f":{"0":0},"b":{}}
,"/Users/jamescool/merchi_sdk_ts/src/entity.ts": {"path":"/Users/jamescool/merchi_sdk_ts/src/entity.ts","statementMap":{"0":{"start":{"line":1,"column":0},"end":{"line":1,"column":26}},"1":{"start":{"line":16,"column":0},"end":{"line":16,"column":41}},"2":{"start":{"line":19,"column":2},"end":{"line":19,"column":60}},"3":{"start":{"line":68,"column":0},"end":{"line":68,"column":null}},"4":{"start":{"line":70,"column":2},"end":{"line":70,"column":null}},"5":{"start":{"line":72,"column":2},"end":{"line":72,"column":null}},"6":{"start":{"line":189,"column":0},"end":{"line":189,"column":13}},"7":{"start":{"line":304,"column":2},"end":{"line":304,"column":21}},"8":{"start":{"line":204,"column":9},"end":{"line":204,"column":25}},"9":{"start":{"line":207,"column":18},"end":{"line":207,"column":55}},"10":{"start":{"line":209,"column":9},"end":{"line":209,"column":30}},"11":{"start":{"line":313,"column":9},"end":{"line":322,"column":4}},"12":{"start":{"line":314,"column":26},"end":{"line":314,"column":71}},"13":{"start":{"line":315,"column":17},"end":{"line":315,"column":45}},"14":{"start":{"line":324,"column":10},"end":{"line":371,"column":4}},"15":{"start":{"line":325,"column":28},"end":{"line":325,"column":30}},"16":{"start":{"line":326,"column":26},"end":{"line":337,"column":5}},"17":{"start":{"line":327,"column":18},"end":{"line":329,"column":7}},"18":{"start":{"line":328,"column":8},"end":{"line":328,"column":33}},"19":{"start":{"line":330,"column":18},"end":{"line":334,"column":7}},"20":{"start":{"line":331,"column":8},"end":{"line":331,"column":37}},"21":{"start":{"line":332,"column":8},"end":{"line":332,"column":37}},"22":{"start":{"line":333,"column":8},"end":{"line":333,"column":48}},"23":{"start":{"line":335,"column":6},"end":{"line":336,"column":18}},"24":{"start":{"line":338,"column":26},"end":{"line":348,"column":5}},"25":{"start":{"line":339,"column":18},"end":{"line":341,"column":7}},"26":{"start":{"line":340,"column":8},"end":{"line":340,"column":33}},"27":{"start":{"line":342,"column":18},"end":{"line":345,"column":7}},"28":{"start":{"line":343,"column":8},"end":{"line":343,"column":37}},"29":{"start":{"line":344,"column":8},"end":{"line":344,"column":48}},"30":{"start":{"line":346,"column":6},"end":{"line":347,"column":18}},"31":{"start":{"line":349,"column":25},"end":{"line":360,"column":5}},"32":{"start":{"line":350,"column":18},"end":{"line":352,"column":7}},"33":{"start":{"line":351,"column":8},"end":{"line":351,"column":33}},"34":{"start":{"line":353,"column":18},"end":{"line":357,"column":7}},"35":{"start":{"line":354,"column":8},"end":{"line":354,"column":37}},"36":{"start":{"line":355,"column":8},"end":{"line":355,"column":41}},"37":{"start":{"line":356,"column":8},"end":{"line":356,"column":48}},"38":{"start":{"line":358,"column":6},"end":{"line":359,"column":18}},"39":{"start":{"line":361,"column":4},"end":{"line":369,"column":null}},"40":{"start":{"line":361,"column":23},"end":{"line":361,"column":52}},"41":{"start":{"line":361,"column":50},"end":{"line":361,"column":52}},"42":{"start":{"line":361,"column":19},"end":{"line":361,"column":23}},"43":{"start":{"line":362,"column":6},"end":{"line":368,"column":null}},"44":{"start":{"line":363,"column":8},"end":{"line":363,"column":57}},"45":{"start":{"line":364,"column":13},"end":{"line":368,"column":null}},"46":{"start":{"line":365,"column":8},"end":{"line":365,"column":56}},"47":{"start":{"line":367,"column":8},"end":{"line":367,"column":57}},"48":{"start":{"line":370,"column":4},"end":{"line":370,"column":46}},"49":{"start":{"line":704,"column":9},"end":{"line":725,"column":4}},"50":{"start":{"line":705,"column":40},"end":{"line":705,"column":65}},"51":{"start":{"line":706,"column":24},"end":{"line":706,"column":57}},"52":{"start":{"line":707,"column":33},"end":{"line":707,"column":57}},"53":{"start":{"line":708,"column":33},"end":{"line":708,"column":57}},"54":{"start":{"line":709,"column":21},"end":{"line":709,"column":62}},"55":{"start":{"line":710,"column":17},"end":{"line":710,"column":34}},"56":{"start":{"line":711,"column":41},"end":{"line":712,"column":17}},"57":{"start":{"line":713,"column":4},"end":{"line":713,"column":28}},"58":{"start":{"line":714,"column":4},"end":{"line":716,"column":null}},"59":{"start":{"line":715,"column":6},"end":{"line":715,"column":72}},"60":{"start":{"line":717,"column":4},"end":{"line":719,"column":null}},"61":{"start":{"line":718,"column":6},"end":{"line":718,"column":52}},"62":{"start":{"line":720,"column":4},"end":{"line":724,"column":7}},"63":{"start":{"line":721,"column":6},"end":{"line":721,"column":40}},"64":{"start":{"line":722,"column":6},"end":{"line":722,"column":24}},"65":{"start":{"line":723,"column":6},"end":{"line":723,"column":18}},"66":{"start":{"line":727,"column":9},"end":{"line":748,"column":4}},"67":{"start":{"line":728,"column":5},"end":{"line":728,"column":17}},"68":{"start":{"line":728,"column":17},"end":{"line":728,"column":69}},"69":{"start":{"line":729,"column":7},"end":{"line":748,"column":4}},"70":{"start":{"line":730,"column":21},"end":{"line":730,"column":40}},"71":{"start":{"line":731,"column":17},"end":{"line":731,"column":34}},"72":{"start":{"line":732,"column":26},"end":{"line":732,"column":73}},"73":{"start":{"line":733,"column":41},"end":{"line":734,"column":17}},"74":{"start":{"line":736,"column":4},"end":{"line":736,"column":28}},"75":{"start":{"line":737,"column":4},"end":{"line":739,"column":null}},"76":{"start":{"line":738,"column":6},"end":{"line":738,"column":72}},"77":{"start":{"line":740,"column":4},"end":{"line":742,"column":null}},"78":{"start":{"line":741,"column":6},"end":{"line":741,"column":52}},"79":{"start":{"line":743,"column":4},"end":{"line":747,"column":23}},"80":{"start":{"line":745,"column":8},"end":{"line":745,"column":42}},"81":{"start":{"line":746,"column":8},"end":{"line":746,"column":26}},"82":{"start":{"line":747,"column":8},"end":{"line":747,"column":20}},"83":{"start":{"line":750,"column":9},"end":{"line":750,"column":41}},"84":{"start":{"line":752,"column":10},"end":{"line":757,"column":4}},"85":{"start":{"line":753,"column":4},"end":{"line":755,"column":null}},"86":{"start":{"line":754,"column":6},"end":{"line":754,"column":23}},"87":{"start":{"line":756,"column":4},"end":{"line":756,"column":38}},"88":{"start":{"line":759,"column":9},"end":{"line":776,"column":4}},"89":{"start":{"line":762,"column":4},"end":{"line":762,"column":25}},"90":{"start":{"line":763,"column":4},"end":{"line":775,"column":null}},"91":{"start":{"line":763,"column":24},"end":{"line":763,"column":54}},"92":{"start":{"line":763,"column":52},"end":{"line":763,"column":54}},"93":{"start":{"line":763,"column":20},"end":{"line":763,"column":24}},"94":{"start":{"line":764,"column":27},"end":{"line":764,"column":35}},"95":{"start":{"line":765,"column":6},"end":{"line":765,"column":33}},"96":{"start":{"line":766,"column":6},"end":{"line":774,"column":null}},"97":{"start":{"line":767,"column":8},"end":{"line":773,"column":null}},"98":{"start":{"line":768,"column":10},"end":{"line":768,"column":68}},"99":{"start":{"line":768,"column":52},"end":{"line":768,"column":67}},"100":{"start":{"line":769,"column":15},"end":{"line":773,"column":null}},"101":{"start":{"line":770,"column":10},"end":{"line":772,"column":null}},"102":{"start":{"line":771,"column":12},"end":{"line":771,"column":51}},"103":{"start":{"line":779,"column":9},"end":{"line":823,"column":4}},"104":{"start":{"line":780,"column":4},"end":{"line":780,"column":28}},"105":{"start":{"line":781,"column":59},"end":{"line":781,"column":67}},"106":{"start":{"line":781,"column":21},"end":{"line":781,"column":31}},"107":{"start":{"line":781,"column":47},"end":{"line":781,"column":59}},"108":{"start":{"line":782,"column":4},"end":{"line":782,"column":46}},"109":{"start":{"line":784,"column":26},"end":{"line":784,"column":43}},"110":{"start":{"line":785,"column":6},"end":{"line":785,"column":null}},"111":{"start":{"line":785,"column":40},"end":{"line":785,"column":null}},"112":{"start":{"line":786,"column":27},"end":{"line":786,"column":54}},"113":{"start":{"line":787,"column":6},"end":{"line":820,"column":null}},"114":{"start":{"line":788,"column":8},"end":{"line":788,"column":39}},"115":{"start":{"line":789,"column":8},"end":{"line":819,"column":null}},"116":{"start":{"line":791,"column":10},"end":{"line":791,"column":null}},"117":{"start":{"line":791,"column":67},"end":{"line":791,"column":null}},"118":{"start":{"line":792,"column":32},"end":{"line":802,"column":12}},"119":{"start":{"line":793,"column":38},"end":{"line":793,"column":63}},"120":{"start":{"line":797,"column":12},"end":{"line":799,"column":null}},"121":{"start":{"line":798,"column":14},"end":{"line":798,"column":65}},"122":{"start":{"line":800,"column":27},"end":{"line":800,"column":75}},"123":{"start":{"line":801,"column":12},"end":{"line":801,"column":50}},"124":{"start":{"line":803,"column":10},"end":{"line":803,"column":47}},"125":{"start":{"line":804,"column":15},"end":{"line":819,"column":null}},"126":{"start":{"line":808,"column":10},"end":{"line":813,"column":null}},"127":{"start":{"line":809,"column":12},"end":{"line":809,"column":63}},"128":{"start":{"line":811,"column":27},"end":{"line":811,"column":70}},"129":{"start":{"line":812,"column":12},"end":{"line":812,"column":72}},"130":{"start":{"line":815,"column":10},"end":{"line":815,"column":44}},"131":{"start":{"line":816,"column":10},"end":{"line":818,"column":null}},"132":{"start":{"line":817,"column":12},"end":{"line":817,"column":63}},"133":{"start":{"line":783,"column":4},"end":{"line":821,"column":null}},"134":{"start":{"line":783,"column":15},"end":{"line":783,"column":22}},"135":{"start":{"line":822,"column":4},"end":{"line":822,"column":16}},"136":{"start":{"line":825,"column":9},"end":{"line":850,"column":4}},"137":{"start":{"line":826,"column":22},"end":{"line":826,"column":24}},"138":{"start":{"line":827,"column":4},"end":{"line":848,"column":null}},"139":{"start":{"line":827,"column":24},"end":{"line":827,"column":54}},"140":{"start":{"line":827,"column":52},"end":{"line":827,"column":54}},"141":{"start":{"line":827,"column":20},"end":{"line":827,"column":24}},"142":{"start":{"line":828,"column":27},"end":{"line":828,"column":35}},"143":{"start":{"line":829,"column":27},"end":{"line":829,"column":35}},"144":{"start":{"line":830,"column":6},"end":{"line":847,"column":null}},"145":{"start":{"line":831,"column":8},"end":{"line":846,"column":null}},"146":{"start":{"line":832,"column":24},"end":{"line":832,"column":77}},"147":{"start":{"line":832,"column":66},"end":{"line":832,"column":77}},"148":{"start":{"line":833,"column":10},"end":{"line":833,"column":37}},"149":{"start":{"line":834,"column":15},"end":{"line":846,"column":null}},"150":{"start":{"line":835,"column":10},"end":{"line":839,"column":null}},"151":{"start":{"line":836,"column":12},"end":{"line":836,"column":38}},"152":{"start":{"line":838,"column":12},"end":{"line":838,"column":68}},"153":{"start":{"line":841,"column":24},"end":{"line":841,"column":49}},"154":{"start":{"line":842,"column":10},"end":{"line":842,"column":37}},"155":{"start":{"line":843,"column":10},"end":{"line":845,"column":null}},"156":{"start":{"line":844,"column":12},"end":{"line":844,"column":56}},"157":{"start":{"line":849,"column":4},"end":{"line":849,"column":16}},"158":{"start":{"line":852,"column":12},"end":{"line":856,"column":4}},"159":{"start":{"line":853,"column":4},"end":{"line":855,"column":null}},"160":{"start":{"line":853,"column":23},"end":{"line":853,"column":52}},"161":{"start":{"line":853,"column":50},"end":{"line":853,"column":52}},"162":{"start":{"line":853,"column":19},"end":{"line":853,"column":23}},"163":{"start":{"line":854,"column":6},"end":{"line":854,"column":15}},"164":{"start":{"line":858,"column":9},"end":{"line":972,"column":4}},"165":{"start":{"line":860,"column":4},"end":{"line":862,"column":null}},"166":{"start":{"line":861,"column":6},"end":{"line":861,"column":19}},"167":{"start":{"line":863,"column":19},"end":{"line":863,"column":53}},"168":{"start":{"line":864,"column":19},"end":{"line":864,"column":40}},"169":{"start":{"line":865,"column":23},"end":{"line":866,"column":31}},"170":{"start":{"line":867,"column":4},"end":{"line":869,"column":null}},"171":{"start":{"line":868,"column":6},"end":{"line":868,"column":29}},"172":{"start":{"line":870,"column":23},"end":{"line":880,"column":5}},"173":{"start":{"line":876,"column":6},"end":{"line":878,"column":null}},"174":{"start":{"line":877,"column":8},"end":{"line":877,"column":35}},"175":{"start":{"line":879,"column":6},"end":{"line":879,"column":30}},"176":{"start":{"line":881,"column":4},"end":{"line":885,"column":null}},"177":{"start":{"line":882,"column":6},"end":{"line":882,"column":66}},"178":{"start":{"line":883,"column":6},"end":{"line":883,"column":51}},"179":{"start":{"line":884,"column":6},"end":{"line":884,"column":24}},"180":{"start":{"line":886,"column":33},"end":{"line":921,"column":5}},"181":{"start":{"line":887,"column":26},"end":{"line":887,"column":38}},"182":{"start":{"line":888,"column":28},"end":{"line":888,"column":72}},"183":{"start":{"line":889,"column":6},"end":{"line":892,"column":null}},"184":{"start":{"line":890,"column":8},"end":{"line":890,"column":48}},"185":{"start":{"line":891,"column":8},"end":{"line":891,"column":15}},"186":{"start":{"line":894,"column":20},"end":{"line":894,"column":25}},"187":{"start":{"line":895,"column":6},"end":{"line":900,"column":null}},"188":{"start":{"line":895,"column":25},"end":{"line":895,"column":32}},"189":{"start":{"line":895,"column":30},"end":{"line":895,"column":32}},"190":{"start":{"line":895,"column":21},"end":{"line":895,"column":25}},"191":{"start":{"line":896,"column":8},"end":{"line":899,"column":null}},"192":{"start":{"line":897,"column":10},"end":{"line":897,"column":25}},"193":{"start":{"line":898,"column":10},"end":{"line":898,"column":16}},"194":{"start":{"line":901,"column":6},"end":{"line":901,"column":38}},"195":{"start":{"line":902,"column":6},"end":{"line":904,"column":null}},"196":{"start":{"line":903,"column":8},"end":{"line":903,"column":15}},"197":{"start":{"line":905,"column":6},"end":{"line":913,"column":null}},"198":{"start":{"line":905,"column":19},"end":{"line":905,"column":20}},"199":{"start":{"line":906,"column":26},"end":{"line":906,"column":49}},"200":{"start":{"line":907,"column":8},"end":{"line":909,"column":null}},"201":{"start":{"line":908,"column":10},"end":{"line":908,"column":51}},"202":{"start":{"line":910,"column":8},"end":{"line":912,"column":21}},"203":{"start":{"line":914,"column":26},"end":{"line":914,"column":70}},"204":{"start":{"line":915,"column":6},"end":{"line":920,"column":null}},"205":{"start":{"line":916,"column":8},"end":{"line":916,"column":58}},"206":{"start":{"line":917,"column":8},"end":{"line":919,"column":null}},"207":{"start":{"line":918,"column":10},"end":{"line":918,"column":62}},"208":{"start":{"line":922,"column":40},"end":{"line":946,"column":5}},"209":{"start":{"line":923,"column":34},"end":{"line":923,"column":79}},"210":{"start":{"line":924,"column":24},"end":{"line":924,"column":44}},"211":{"start":{"line":925,"column":6},"end":{"line":927,"column":null}},"212":{"start":{"line":926,"column":8},"end":{"line":926,"column":49}},"213":{"start":{"line":928,"column":6},"end":{"line":934,"column":null}},"214":{"start":{"line":929,"column":8},"end":{"line":932,"column":null}},"215":{"start":{"line":930,"column":10},"end":{"line":930,"column":63}},"216":{"start":{"line":931,"column":10},"end":{"line":931,"column":50}},"217":{"start":{"line":933,"column":8},"end":{"line":933,"column":15}},"218":{"start":{"line":935,"column":6},"end":{"line":937,"column":null}},"219":{"start":{"line":936,"column":8},"end":{"line":936,"column":15}},"220":{"start":{"line":938,"column":28},"end":{"line":938,"column":72}},"221":{"start":{"line":939,"column":6},"end":{"line":941,"column":19}},"222":{"start":{"line":942,"column":26},"end":{"line":942,"column":70}},"223":{"start":{"line":943,"column":6},"end":{"line":945,"column":null}},"224":{"start":{"line":944,"column":8},"end":{"line":944,"column":48}},"225":{"start":{"line":947,"column":34},"end":{"line":957,"column":5}},"226":{"start":{"line":948,"column":34},"end":{"line":948,"column":79}},"227":{"start":{"line":949,"column":6},"end":{"line":956,"column":null}},"228":{"start":{"line":952,"column":8},"end":{"line":954,"column":null}},"229":{"start":{"line":953,"column":10},"end":{"line":953,"column":41}},"230":{"start":{"line":955,"column":8},"end":{"line":955,"column":41}},"231":{"start":{"line":958,"column":28},"end":{"line":969,"column":5}},"232":{"start":{"line":959,"column":21},"end":{"line":959,"column":49}},"233":{"start":{"line":960,"column":6},"end":{"line":968,"column":null}},"234":{"start":{"line":961,"column":8},"end":{"line":961,"column":15}},"235":{"start":{"line":962,"column":13},"end":{"line":968,"column":null}},"236":{"start":{"line":963,"column":8},"end":{"line":963,"column":42}},"237":{"start":{"line":964,"column":13},"end":{"line":968,"column":null}},"238":{"start":{"line":965,"column":8},"end":{"line":965,"column":49}},"239":{"start":{"line":967,"column":8},"end":{"line":967,"column":43}},"240":{"start":{"line":970,"column":4},"end":{"line":970,"column":42}},"241":{"start":{"line":971,"column":4},"end":{"line":971,"column":18}},"242":{"start":{"line":974,"column":12},"end":{"line":978,"column":4}},"243":{"start":{"line":975,"column":4},"end":{"line":977,"column":null}},"244":{"start":{"line":976,"column":6},"end":{"line":976,"column":35}},"245":{"start":{"line":980,"column":12},"end":{"line":984,"column":4}},"246":{"start":{"line":981,"column":4},"end":{"line":983,"column":null}},"247":{"start":{"line":982,"column":6},"end":{"line":982,"column":42}},"248":{"start":{"line":986,"column":9},"end":{"line":988,"column":4}},"249":{"start":{"line":987,"column":5},"end":{"line":987,"column":76}},"250":{"start":{"line":990,"column":12},"end":{"line":1006,"column":4}},"251":{"start":{"line":991,"column":4},"end":{"line":993,"column":null}},"252":{"start":{"line":992,"column":6},"end":{"line":992,"column":13}},"253":{"start":{"line":994,"column":5},"end":{"line":994,"column":68}},"254":{"start":{"line":995,"column":30},"end":{"line":995,"column":32}},"255":{"start":{"line":996,"column":22},"end":{"line":996,"column":31}},"256":{"start":{"line":997,"column":4},"end":{"line":997,"column":23}},"257":{"start":{"line":998,"column":4},"end":{"line":1005,"column":null}},"258":{"start":{"line":999,"column":22},"end":{"line":999,"column":47}},"259":{"start":{"line":1000,"column":6},"end":{"line":1004,"column":null}},"260":{"start":{"line":1001,"column":8},"end":{"line":1001,"column":31}},"261":{"start":{"line":1002,"column":8},"end":{"line":1002,"column":31}},"262":{"start":{"line":1003,"column":8},"end":{"line":1003,"column":null}},"263":{"start":{"line":1003,"column":28},"end":{"line":1003,"column":49}},"264":{"start":{"line":1003,"column":47},"end":{"line":1003,"column":49}},"265":{"start":{"line":1003,"column":24},"end":{"line":1003,"column":28}},"266":{"start":{"line":1003,"column":49},"end":{"line":1003,"column":69}},"267":{"start":{"line":1008,"column":9},"end":{"line":1022,"column":4}},"268":{"start":{"line":1009,"column":31},"end":{"line":1009,"column":56}},"269":{"start":{"line":1010,"column":34},"end":{"line":1010,"column":71}},"270":{"start":{"line":1011,"column":21},"end":{"line":1011,"column":62}},"271":{"start":{"line":1012,"column":41},"end":{"line":1012,"column":59}},"272":{"start":{"line":1013,"column":4},"end":{"line":1013,"column":28}},"273":{"start":{"line":1014,"column":4},"end":{"line":1016,"column":null}},"274":{"start":{"line":1015,"column":6},"end":{"line":1015,"column":52}},"275":{"start":{"line":1017,"column":4},"end":{"line":1019,"column":null}},"276":{"start":{"line":1018,"column":6},"end":{"line":1018,"column":75}},"277":{"start":{"line":1020,"column":4},"end":{"line":1021,"column":28}},"278":{"start":{"line":1021,"column":13},"end":{"line":1021,"column":25}},"279":{"start":{"line":1024,"column":9},"end":{"line":1042,"column":4}},"280":{"start":{"line":1025,"column":40},"end":{"line":1025,"column":65}},"281":{"start":{"line":1026,"column":24},"end":{"line":1026,"column":57}},"282":{"start":{"line":1027,"column":33},"end":{"line":1027,"column":57}},"283":{"start":{"line":1028,"column":33},"end":{"line":1028,"column":57}},"284":{"start":{"line":1029,"column":21},"end":{"line":1029,"column":72}},"285":{"start":{"line":1030,"column":41},"end":{"line":1030,"column":57}},"286":{"start":{"line":1031,"column":4},"end":{"line":1031,"column":28}},"287":{"start":{"line":1032,"column":4},"end":{"line":1034,"column":null}},"288":{"start":{"line":1033,"column":6},"end":{"line":1033,"column":72}},"289":{"start":{"line":1035,"column":4},"end":{"line":1037,"column":null}},"290":{"start":{"line":1036,"column":6},"end":{"line":1036,"column":52}},"291":{"start":{"line":1038,"column":4},"end":{"line":1041,"column":7}},"292":{"start":{"line":1039,"column":6},"end":{"line":1039,"column":40}},"293":{"start":{"line":1040,"column":6},"end":{"line":1040,"column":18}},"294":{"start":{"line":309,"column":4},"end":{"line":309,"column":50}},"295":{"start":{"line":310,"column":4},"end":{"line":310,"column":27}},"296":{"start":{"line":211,"column":12},"end":{"line":219,"column":null}},"297":{"start":{"line":215,"column":4},"end":{"line":218,"column":6}},"298":{"start":{"line":221,"column":19},"end":{"line":241,"column":null}},"299":{"start":{"line":222,"column":4},"end":{"line":240,"column":6}},"300":{"start":{"line":223,"column":6},"end":{"line":225,"column":null}},"301":{"start":{"line":224,"column":8},"end":{"line":224,"column":21}},"302":{"start":{"line":226,"column":24},"end":{"line":226,"column":41}},"303":{"start":{"line":227,"column":23},"end":{"line":227,"column":54}},"304":{"start":{"line":228,"column":23},"end":{"line":229,"column":27}},"305":{"start":{"line":230,"column":6},"end":{"line":230,"column":43}},"306":{"start":{"line":231,"column":6},"end":{"line":231,"column":34}},"307":{"start":{"line":232,"column":6},"end":{"line":233,"column":28}},"308":{"start":{"line":234,"column":6},"end":{"line":235,"column":21}},"309":{"start":{"line":236,"column":6},"end":{"line":237,"column":21}},"310":{"start":{"line":238,"column":6},"end":{"line":239,"column":21}},"311":{"start":{"line":243,"column":12},"end":{"line":302,"column":null}},"312":{"start":{"line":244,"column":16},"end":{"line":244,"column":25}},"313":{"start":{"line":245,"column":17},"end":{"line":245,"column":21}},"314":{"start":{"line":246,"column":23},"end":{"line":247,"column":23}},"315":{"start":{"line":248,"column":4},"end":{"line":300,"column":7}},"316":{"start":{"line":249,"column":23},"end":{"line":250,"column":22}},"317":{"start":{"line":251,"column":27},"end":{"line":252,"column":22}},"318":{"start":{"line":256,"column":24},"end":{"line":257,"column":22}},"319":{"start":{"line":258,"column":28},"end":{"line":258,"column":58}},"320":{"start":{"line":260,"column":9},"end":{"line":260,"column":73}},"321":{"start":{"line":261,"column":6},"end":{"line":267,"column":null}},"322":{"start":{"line":269,"column":6},"end":{"line":279,"column":null}},"323":{"start":{"line":270,"column":8},"end":{"line":270,"column":28}},"324":{"start":{"line":272,"column":8},"end":{"line":272,"column":28}},"325":{"start":{"line":273,"column":8},"end":{"line":275,"column":null}},"326":{"start":{"line":274,"column":10},"end":{"line":274,"column":43}},"327":{"start":{"line":276,"column":8},"end":{"line":278,"column":null}},"328":{"start":{"line":277,"column":10},"end":{"line":277,"column":46}},"329":{"start":{"line":280,"column":40},"end":{"line":281,"column":41}},"330":{"start":{"line":282,"column":32},"end":{"line":283,"column":61}},"331":{"start":{"line":292,"column":41},"end":{"line":298,"column":29}},"332":{"start":{"line":299,"column":6},"end":{"line":299,"column":38}},"333":{"start":{"line":301,"column":4},"end":{"line":301,"column":15}},"334":{"start":{"line":373,"column":16},"end":{"line":395,"column":null}},"335":{"start":{"line":373,"column":2},"end":{"line":373,"column":16}},"336":{"start":{"line":376,"column":21},"end":{"line":376,"column":60}},"337":{"start":{"line":377,"column":41},"end":{"line":377,"column":43}},"338":{"start":{"line":378,"column":4},"end":{"line":378,"column":28}},"339":{"start":{"line":379,"column":4},"end":{"line":381,"column":null}},"340":{"start":{"line":380,"column":6},"end":{"line":380,"column":72}},"341":{"start":{"line":382,"column":4},"end":{"line":385,"column":null}},"342":{"start":{"line":383,"column":6},"end":{"line":384,"column":50}},"343":{"start":{"line":386,"column":4},"end":{"line":388,"column":null}},"344":{"start":{"line":387,"column":6},"end":{"line":387,"column":52}},"345":{"start":{"line":389,"column":4},"end":{"line":394,"column":9}},"346":{"start":{"line":391,"column":41},"end":{"line":391,"column":51}},"347":{"start":{"line":392,"column":8},"end":{"line":392,"column":49}},"348":{"start":{"line":393,"column":8},"end":{"line":393,"column":22}},"349":{"start":{"line":397,"column":16},"end":{"line":702,"column":null}},"350":{"start":{"line":397,"column":2},"end":{"line":397,"column":16}},"351":{"start":{"line":399,"column":21},"end":{"line":399,"column":45}},"352":{"start":{"line":400,"column":41},"end":{"line":400,"column":43}},"353":{"start":{"line":401,"column":4},"end":{"line":401,"column":28}},"354":{"start":{"line":402,"column":4},"end":{"line":680,"column":null}},"355":{"start":{"line":403,"column":6},"end":{"line":405,"column":null}},"356":{"start":{"line":404,"column":8},"end":{"line":404,"column":74}},"357":{"start":{"line":406,"column":6},"end":{"line":408,"column":null}},"358":{"start":{"line":407,"column":8},"end":{"line":407,"column":71}},"359":{"start":{"line":409,"column":6},"end":{"line":411,"column":null}},"360":{"start":{"line":410,"column":8},"end":{"line":410,"column":81}},"361":{"start":{"line":412,"column":6},"end":{"line":414,"column":null}},"362":{"start":{"line":413,"column":8},"end":{"line":413,"column":69}},"363":{"start":{"line":415,"column":6},"end":{"line":417,"column":null}},"364":{"start":{"line":416,"column":8},"end":{"line":416,"column":50}},"365":{"start":{"line":418,"column":6},"end":{"line":420,"column":null}},"366":{"start":{"line":419,"column":8},"end":{"line":419,"column":56}},"367":{"start":{"line":421,"column":6},"end":{"line":423,"column":null}},"368":{"start":{"line":422,"column":8},"end":{"line":422,"column":58}},"369":{"start":{"line":424,"column":6},"end":{"line":426,"column":null}},"370":{"start":{"line":425,"column":8},"end":{"line":425,"column":79}},"371":{"start":{"line":427,"column":6},"end":{"line":429,"column":null}},"372":{"start":{"line":428,"column":8},"end":{"line":428,"column":54}},"373":{"start":{"line":430,"column":6},"end":{"line":432,"column":null}},"374":{"start":{"line":431,"column":8},"end":{"line":431,"column":52}},"375":{"start":{"line":433,"column":6},"end":{"line":435,"column":null}},"376":{"start":{"line":434,"column":8},"end":{"line":434,"column":58}},"377":{"start":{"line":436,"column":6},"end":{"line":438,"column":null}},"378":{"start":{"line":437,"column":8},"end":{"line":437,"column":80}},"379":{"start":{"line":439,"column":6},"end":{"line":441,"column":null}},"380":{"start":{"line":440,"column":8},"end":{"line":440,"column":97}},"381":{"start":{"line":442,"column":6},"end":{"line":444,"column":null}},"382":{"start":{"line":443,"column":8},"end":{"line":443,"column":76}},"383":{"start":{"line":445,"column":6},"end":{"line":447,"column":null}},"384":{"start":{"line":446,"column":8},"end":{"line":446,"column":85}},"385":{"start":{"line":448,"column":6},"end":{"line":451,"column":null}},"386":{"start":{"line":449,"column":8},"end":{"line":450,"column":50}},"387":{"start":{"line":452,"column":6},"end":{"line":454,"column":null}},"388":{"start":{"line":453,"column":8},"end":{"line":453,"column":78}},"389":{"start":{"line":455,"column":6},"end":{"line":457,"column":null}},"390":{"start":{"line":456,"column":8},"end":{"line":456,"column":72}},"391":{"start":{"line":458,"column":6},"end":{"line":461,"column":null}},"392":{"start":{"line":459,"column":8},"end":{"line":460,"column":63}},"393":{"start":{"line":462,"column":6},"end":{"line":464,"column":null}},"394":{"start":{"line":463,"column":8},"end":{"line":463,"column":80}},"395":{"start":{"line":465,"column":6},"end":{"line":468,"column":null}},"396":{"start":{"line":466,"column":8},"end":{"line":467,"column":43}},"397":{"start":{"line":469,"column":6},"end":{"line":472,"column":null}},"398":{"start":{"line":470,"column":8},"end":{"line":471,"column":54}},"399":{"start":{"line":473,"column":6},"end":{"line":475,"column":null}},"400":{"start":{"line":474,"column":8},"end":{"line":474,"column":79}},"401":{"start":{"line":476,"column":6},"end":{"line":479,"column":null}},"402":{"start":{"line":477,"column":8},"end":{"line":478,"column":42}},"403":{"start":{"line":480,"column":6},"end":{"line":483,"column":null}},"404":{"start":{"line":481,"column":8},"end":{"line":482,"column":40}},"405":{"start":{"line":484,"column":6},"end":{"line":486,"column":null}},"406":{"start":{"line":485,"column":8},"end":{"line":485,"column":80}},"407":{"start":{"line":487,"column":6},"end":{"line":489,"column":null}},"408":{"start":{"line":488,"column":8},"end":{"line":488,"column":80}},"409":{"start":{"line":490,"column":6},"end":{"line":494,"column":null}},"410":{"start":{"line":491,"column":8},"end":{"line":493,"column":10}},"411":{"start":{"line":495,"column":6},"end":{"line":497,"column":null}},"412":{"start":{"line":496,"column":8},"end":{"line":496,"column":82}},"413":{"start":{"line":498,"column":6},"end":{"line":500,"column":null}},"414":{"start":{"line":499,"column":8},"end":{"line":499,"column":73}},"415":{"start":{"line":501,"column":6},"end":{"line":503,"column":null}},"416":{"start":{"line":502,"column":8},"end":{"line":502,"column":76}},"417":{"start":{"line":504,"column":6},"end":{"line":507,"column":null}},"418":{"start":{"line":505,"column":8},"end":{"line":506,"column":42}},"419":{"start":{"line":508,"column":6},"end":{"line":511,"column":null}},"420":{"start":{"line":509,"column":8},"end":{"line":510,"column":42}},"421":{"start":{"line":512,"column":6},"end":{"line":515,"column":null}},"422":{"start":{"line":513,"column":8},"end":{"line":514,"column":42}},"423":{"start":{"line":516,"column":6},"end":{"line":519,"column":null}},"424":{"start":{"line":517,"column":8},"end":{"line":518,"column":41}},"425":{"start":{"line":520,"column":6},"end":{"line":523,"column":null}},"426":{"start":{"line":521,"column":8},"end":{"line":522,"column":43}},"427":{"start":{"line":524,"column":6},"end":{"line":527,"column":null}},"428":{"start":{"line":525,"column":8},"end":{"line":526,"column":50}},"429":{"start":{"line":528,"column":6},"end":{"line":531,"column":null}},"430":{"start":{"line":529,"column":8},"end":{"line":530,"column":51}},"431":{"start":{"line":532,"column":6},"end":{"line":535,"column":null}},"432":{"start":{"line":533,"column":8},"end":{"line":534,"column":46}},"433":{"start":{"line":536,"column":6},"end":{"line":538,"column":null}},"434":{"start":{"line":537,"column":8},"end":{"line":537,"column":78}},"435":{"start":{"line":539,"column":6},"end":{"line":542,"column":null}},"436":{"start":{"line":540,"column":8},"end":{"line":541,"column":42}},"437":{"start":{"line":543,"column":6},"end":{"line":546,"column":null}},"438":{"start":{"line":544,"column":8},"end":{"line":545,"column":48}},"439":{"start":{"line":547,"column":6},"end":{"line":550,"column":null}},"440":{"start":{"line":548,"column":8},"end":{"line":549,"column":49}},"441":{"start":{"line":551,"column":6},"end":{"line":554,"column":null}},"442":{"start":{"line":552,"column":8},"end":{"line":553,"column":44}},"443":{"start":{"line":555,"column":6},"end":{"line":557,"column":null}},"444":{"start":{"line":556,"column":8},"end":{"line":556,"column":80}},"445":{"start":{"line":558,"column":6},"end":{"line":560,"column":null}},"446":{"start":{"line":559,"column":8},"end":{"line":559,"column":82}},"447":{"start":{"line":561,"column":6},"end":{"line":564,"column":null}},"448":{"start":{"line":562,"column":8},"end":{"line":563,"column":46}},"449":{"start":{"line":565,"column":6},"end":{"line":568,"column":null}},"450":{"start":{"line":566,"column":8},"end":{"line":567,"column":45}},"451":{"start":{"line":569,"column":6},"end":{"line":572,"column":null}},"452":{"start":{"line":570,"column":8},"end":{"line":571,"column":48}},"453":{"start":{"line":573,"column":6},"end":{"line":576,"column":null}},"454":{"start":{"line":574,"column":8},"end":{"line":575,"column":53}},"455":{"start":{"line":577,"column":6},"end":{"line":580,"column":null}},"456":{"start":{"line":578,"column":8},"end":{"line":579,"column":47}},"457":{"start":{"line":581,"column":6},"end":{"line":584,"column":null}},"458":{"start":{"line":582,"column":8},"end":{"line":583,"column":43}},"459":{"start":{"line":585,"column":6},"end":{"line":587,"column":null}},"460":{"start":{"line":586,"column":8},"end":{"line":586,"column":76}},"461":{"start":{"line":588,"column":6},"end":{"line":590,"column":null}},"462":{"start":{"line":589,"column":8},"end":{"line":589,"column":78}},"463":{"start":{"line":591,"column":6},"end":{"line":593,"column":null}},"464":{"start":{"line":592,"column":8},"end":{"line":592,"column":86}},"465":{"start":{"line":594,"column":6},"end":{"line":597,"column":null}},"466":{"start":{"line":595,"column":8},"end":{"line":596,"column":47}},"467":{"start":{"line":598,"column":6},"end":{"line":601,"column":null}},"468":{"start":{"line":599,"column":8},"end":{"line":600,"column":43}},"469":{"start":{"line":602,"column":6},"end":{"line":604,"column":null}},"470":{"start":{"line":603,"column":8},"end":{"line":603,"column":80}},"471":{"start":{"line":605,"column":6},"end":{"line":607,"column":null}},"472":{"start":{"line":606,"column":8},"end":{"line":606,"column":95}},"473":{"start":{"line":608,"column":6},"end":{"line":610,"column":null}},"474":{"start":{"line":609,"column":8},"end":{"line":609,"column":78}},"475":{"start":{"line":611,"column":6},"end":{"line":613,"column":null}},"476":{"start":{"line":612,"column":8},"end":{"line":612,"column":95}},"477":{"start":{"line":614,"column":6},"end":{"line":617,"column":null}},"478":{"start":{"line":615,"column":8},"end":{"line":616,"column":43}},"479":{"start":{"line":618,"column":6},"end":{"line":621,"column":null}},"480":{"start":{"line":619,"column":8},"end":{"line":620,"column":48}},"481":{"start":{"line":622,"column":6},"end":{"line":625,"column":null}},"482":{"start":{"line":623,"column":8},"end":{"line":624,"column":60}},"483":{"start":{"line":626,"column":6},"end":{"line":628,"column":null}},"484":{"start":{"line":627,"column":8},"end":{"line":627,"column":73}},"485":{"start":{"line":629,"column":6},"end":{"line":631,"column":null}},"486":{"start":{"line":630,"column":8},"end":{"line":630,"column":80}},"487":{"start":{"line":632,"column":6},"end":{"line":634,"column":null}},"488":{"start":{"line":633,"column":8},"end":{"line":633,"column":54}},"489":{"start":{"line":635,"column":6},"end":{"line":637,"column":null}},"490":{"start":{"line":636,"column":8},"end":{"line":636,"column":66}},"491":{"start":{"line":638,"column":6},"end":{"line":640,"column":null}},"492":{"start":{"line":639,"column":8},"end":{"line":639,"column":81}},"493":{"start":{"line":641,"column":6},"end":{"line":643,"column":null}},"494":{"start":{"line":642,"column":8},"end":{"line":642,"column":98}},"495":{"start":{"line":644,"column":6},"end":{"line":646,"column":null}},"496":{"start":{"line":645,"column":8},"end":{"line":645,"column":83}},"497":{"start":{"line":647,"column":6},"end":{"line":649,"column":null}},"498":{"start":{"line":648,"column":8},"end":{"line":648,"column":75}},"499":{"start":{"line":650,"column":6},"end":{"line":654,"column":null}},"500":{"start":{"line":651,"column":8},"end":{"line":653,"column":10}},"501":{"start":{"line":655,"column":6},"end":{"line":657,"column":null}},"502":{"start":{"line":656,"column":8},"end":{"line":656,"column":72}},"503":{"start":{"line":658,"column":6},"end":{"line":661,"column":null}},"504":{"start":{"line":659,"column":8},"end":{"line":660,"column":71}},"505":{"start":{"line":662,"column":6},"end":{"line":665,"column":null}},"506":{"start":{"line":663,"column":8},"end":{"line":664,"column":65}},"507":{"start":{"line":666,"column":6},"end":{"line":669,"column":null}},"508":{"start":{"line":667,"column":8},"end":{"line":668,"column":59}},"509":{"start":{"line":670,"column":6},"end":{"line":672,"column":null}},"510":{"start":{"line":671,"column":8},"end":{"line":671,"column":81}},"511":{"start":{"line":673,"column":6},"end":{"line":675,"column":null}},"512":{"start":{"line":674,"column":8},"end":{"line":674,"column":81}},"513":{"start":{"line":676,"column":6},"end":{"line":679,"column":null}},"514":{"start":{"line":677,"column":8},"end":{"line":678,"column":74}},"515":{"start":{"line":681,"column":4},"end":{"line":683,"column":null}},"516":{"start":{"line":682,"column":6},"end":{"line":682,"column":52}},"517":{"start":{"line":684,"column":4},"end":{"line":701,"column":7}},"518":{"start":{"line":685,"column":23},"end":{"line":689,"column":28}},"519":{"start":{"line":690,"column":25},"end":{"line":690,"column":40}},"520":{"start":{"line":691,"column":27},"end":{"line":691,"column":44}},"521":{"start":{"line":692,"column":27},"end":{"line":692,"column":43}},"522":{"start":{"line":693,"column":23},"end":{"line":693,"column":25}},"523":{"start":{"line":694,"column":6},"end":{"line":698,"column":null}},"524":{"start":{"line":694,"column":25},"end":{"line":694,"column":32}},"525":{"start":{"line":694,"column":30},"end":{"line":694,"column":32}},"526":{"start":{"line":694,"column":21},"end":{"line":694,"column":25}},"527":{"start":{"line":695,"column":41},"end":{"line":695,"column":51}},"528":{"start":{"line":696,"column":8},"end":{"line":696,"column":44}},"529":{"start":{"line":697,"column":8},"end":{"line":697,"column":30}},"530":{"start":{"line":699,"column":6},"end":{"line":700,"column":28}},"531":{"start":{"line":190,"column":17},"end":{"line":190,"column":50}},"532":{"start":{"line":191,"column":17},"end":{"line":191,"column":52}},"533":{"start":{"line":192,"column":17},"end":{"line":192,"column":58}},"534":{"start":{"line":193,"column":17},"end":{"line":193,"column":60}},"535":{"start":{"line":198,"column":19},"end":{"line":198,"column":37}},"536":{"start":{"line":1043,"column":0},"end":{"line":1043,"column":null}},"537":{"start":{"line":189,"column":13},"end":{"line":189,"column":19}}},"fnMap":{"0":{"name":"toUnixTimestamp","decl":{"start":{"line":18,"column":9},"end":{"line":18,"column":24}},"loc":{"start":{"line":18,"column":35},"end":{"line":20,"column":1}}},"1":{"name":"(anonymous_3)","decl":{"start":{"line":68,"column":0},"end":{"line":68,"column":12}},"loc":{"start":{"line":68,"column":27},"end":{"line":73,"column":1}}},"2":{"name":"(anonymous_4)","decl":{"start":{"line":189,"column":0},"end":{"line":189,"column":13}},"loc":{"start":{"line":189,"column":0},"end":{"line":189,"column":13}}},"3":{"name":"Entity","decl":{"start":{"line":304,"column":2},"end":{"line":304,"column":21}},"loc":{"start":{"line":304,"column":36},"end":{"line":311,"column":3}}},"4":{"name":"(anonymous_6)","decl":{"start":{"line":313,"column":30},"end":{"line":313,"column":null}},"loc":{"start":{"line":313,"column":30},"end":{"line":322,"column":3}}},"5":{"name":"(anonymous_7)","decl":{"start":{"line":324,"column":28},"end":{"line":324,"column":null}},"loc":{"start":{"line":324,"column":28},"end":{"line":371,"column":3}}},"6":{"name":"(anonymous_8)","decl":{"start":{"line":326,"column":26},"end":{"line":326,"column":27}},"loc":{"start":{"line":326,"column":45},"end":{"line":337,"column":5}}},"7":{"name":"(anonymous_9)","decl":{"start":{"line":327,"column":18},"end":{"line":327,"column":null}},"loc":{"start":{"line":327,"column":18},"end":{"line":329,"column":7}}},"8":{"name":"(anonymous_10)","decl":{"start":{"line":330,"column":18},"end":{"line":330,"column":19}},"loc":{"start":{"line":330,"column":36},"end":{"line":334,"column":7}}},"9":{"name":"(anonymous_11)","decl":{"start":{"line":338,"column":26},"end":{"line":338,"column":27}},"loc":{"start":{"line":338,"column":45},"end":{"line":348,"column":5}}},"10":{"name":"(anonymous_12)","decl":{"start":{"line":339,"column":18},"end":{"line":339,"column":null}},"loc":{"start":{"line":339,"column":18},"end":{"line":341,"column":7}}},"11":{"name":"(anonymous_13)","decl":{"start":{"line":342,"column":18},"end":{"line":342,"column":19}},"loc":{"start":{"line":342,"column":32},"end":{"line":345,"column":7}}},"12":{"name":"(anonymous_14)","decl":{"start":{"line":349,"column":25},"end":{"line":349,"column":26}},"loc":{"start":{"line":349,"column":44},"end":{"line":360,"column":5}}},"13":{"name":"(anonymous_15)","decl":{"start":{"line":350,"column":18},"end":{"line":350,"column":null}},"loc":{"start":{"line":350,"column":18},"end":{"line":352,"column":7}}},"14":{"name":"(anonymous_16)","decl":{"start":{"line":353,"column":18},"end":{"line":353,"column":19}},"loc":{"start":{"line":353,"column":38},"end":{"line":357,"column":7}}},"15":{"name":"(anonymous_17)","decl":{"start":{"line":704,"column":16},"end":{"line":704,"column":17}},"loc":{"start":{"line":704,"column":38},"end":{"line":725,"column":3}}},"16":{"name":"(anonymous_18)","decl":{"start":{"line":720,"column":71},"end":{"line":720,"column":72}},"loc":{"start":{"line":720,"column":81},"end":{"line":724,"column":5}}},"17":{"name":"(anonymous_19)","decl":{"start":{"line":727,"column":25},"end":{"line":727,"column":null}},"loc":{"start":{"line":728,"column":69},"end":{"line":729,"column":8}}},"18":{"name":"(anonymous_20)","decl":{"start":{"line":729,"column":7},"end":{"line":729,"column":8}},"loc":{"start":{"line":729,"column":31},"end":{"line":748,"column":3}}},"19":{"name":"(anonymous_21)","decl":{"start":{"line":744,"column":11},"end":{"line":744,"column":12}},"loc":{"start":{"line":744,"column":21},"end":{"line":747,"column":21}}},"20":{"name":"(anonymous_22)","decl":{"start":{"line":752,"column":27},"end":{"line":752,"column":28}},"loc":{"start":{"line":752,"column":40},"end":{"line":757,"column":3}}},"21":{"name":"(anonymous_23)","decl":{"start":{"line":759,"column":22},"end":{"line":759,"column":null}},"loc":{"start":{"line":759,"column":22},"end":{"line":776,"column":3}}},"22":{"name":"(anonymous_24)","decl":{"start":{"line":768,"column":40},"end":{"line":768,"column":41}},"loc":{"start":{"line":768,"column":47},"end":{"line":768,"column":53}}},"23":{"name":"(anonymous_25)","decl":{"start":{"line":779,"column":20},"end":{"line":779,"column":21}},"loc":{"start":{"line":779,"column":57},"end":{"line":823,"column":3}}},"24":{"name":"(anonymous_27)","decl":{"start":{"line":792,"column":42},"end":{"line":792,"column":43}},"loc":{"start":{"line":792,"column":67},"end":{"line":802,"column":11}}},"25":{"name":"(anonymous_28)","decl":{"start":{"line":825,"column":18},"end":{"line":825,"column":null}},"loc":{"start":{"line":825,"column":18},"end":{"line":850,"column":3}}},"26":{"name":"(anonymous_29)","decl":{"start":{"line":832,"column":54},"end":{"line":832,"column":55}},"loc":{"start":{"line":832,"column":61},"end":{"line":832,"column":67}}},"27":{"name":"(anonymous_30)","decl":{"start":{"line":852,"column":30},"end":{"line":852,"column":31}},"loc":{"start":{"line":852,"column":60},"end":{"line":856,"column":3}}},"28":{"name":"(anonymous_31)","decl":{"start":{"line":858,"column":22},"end":{"line":858,"column":23}},"loc":{"start":{"line":859,"column":23},"end":{"line":972,"column":3}}},"29":{"name":"(anonymous_32)","decl":{"start":{"line":870,"column":23},"end":{"line":870,"column":24}},"loc":{"start":{"line":870,"column":48},"end":{"line":880,"column":5}}},"30":{"name":"(anonymous_33)","decl":{"start":{"line":886,"column":33},"end":{"line":886,"column":34}},"loc":{"start":{"line":886,"column":69},"end":{"line":921,"column":5}}},"31":{"name":"(anonymous_34)","decl":{"start":{"line":922,"column":40},"end":{"line":922,"column":41}},"loc":{"start":{"line":922,"column":74},"end":{"line":946,"column":5}}},"32":{"name":"(anonymous_35)","decl":{"start":{"line":947,"column":34},"end":{"line":947,"column":35}},"loc":{"start":{"line":947,"column":65},"end":{"line":957,"column":5}}},"33":{"name":"(anonymous_36)","decl":{"start":{"line":958,"column":28},"end":{"line":958,"column":29}},"loc":{"start":{"line":958,"column":47},"end":{"line":969,"column":5}}},"34":{"name":"(anonymous_37)","decl":{"start":{"line":974,"column":28},"end":{"line":974,"column":29}},"loc":{"start":{"line":974,"column":44},"end":{"line":978,"column":3}}},"35":{"name":"(anonymous_38)","decl":{"start":{"line":980,"column":32},"end":{"line":980,"column":33}},"loc":{"start":{"line":980,"column":51},"end":{"line":984,"column":3}}},"36":{"name":"(anonymous_39)","decl":{"start":{"line":986,"column":23},"end":{"line":986,"column":24}},"loc":{"start":{"line":986,"column":40},"end":{"line":988,"column":3}}},"37":{"name":"(anonymous_40)","decl":{"start":{"line":990,"column":24},"end":{"line":990,"column":25}},"loc":{"start":{"line":990,"column":56},"end":{"line":1006,"column":3}}},"38":{"name":"(anonymous_41)","decl":{"start":{"line":1008,"column":18},"end":{"line":1008,"column":19}},"loc":{"start":{"line":1008,"column":42},"end":{"line":1022,"column":3}}},"39":{"name":"(anonymous_42)","decl":{"start":{"line":1021,"column":6},"end":{"line":1021,"column":13}},"loc":{"start":{"line":1021,"column":6},"end":{"line":1021,"column":26}}},"40":{"name":"(anonymous_43)","decl":{"start":{"line":1024,"column":19},"end":{"line":1024,"column":20}},"loc":{"start":{"line":1024,"column":41},"end":{"line":1042,"column":3}}},"41":{"name":"(anonymous_44)","decl":{"start":{"line":1038,"column":71},"end":{"line":1038,"column":72}},"loc":{"start":{"line":1038,"column":81},"end":{"line":1041,"column":5}}},"42":{"name":"(anonymous_45)","decl":{"start":{"line":211,"column":2},"end":{"line":211,"column":12}},"loc":{"start":{"line":211,"column":53},"end":{"line":219,"column":3}}},"43":{"name":"(anonymous_46)","decl":{"start":{"line":221,"column":2},"end":{"line":221,"column":19}},"loc":{"start":{"line":221,"column":53},"end":{"line":241,"column":3}}},"44":{"name":"(anonymous_47)","decl":{"start":{"line":222,"column":11},"end":{"line":222,"column":21}},"loc":{"start":{"line":222,"column":56},"end":{"line":240,"column":5}}},"45":{"name":"(anonymous_48)","decl":{"start":{"line":243,"column":2},"end":{"line":243,"column":12}},"loc":{"start":{"line":243,"column":2},"end":{"line":302,"column":3}}},"46":{"name":"(anonymous_49)","decl":{"start":{"line":248,"column":23},"end":{"line":248,"column":32}},"loc":{"start":{"line":248,"column":50},"end":{"line":300,"column":5}}},"47":{"name":"(anonymous_50)","decl":{"start":{"line":373,"column":2},"end":{"line":373,"column":16}},"loc":{"start":{"line":374,"column":24},"end":{"line":395,"column":3}}},"48":{"name":"(anonymous_51)","decl":{"start":{"line":390,"column":11},"end":{"line":390,"column":12}},"loc":{"start":{"line":390,"column":21},"end":{"line":394,"column":7}}},"49":{"name":"(anonymous_52)","decl":{"start":{"line":397,"column":2},"end":{"line":397,"column":16}},"loc":{"start":{"line":397,"column":76},"end":{"line":702,"column":3}}},"50":{"name":"(anonymous_53)","decl":{"start":{"line":684,"column":71},"end":{"line":684,"column":72}},"loc":{"start":{"line":684,"column":81},"end":{"line":701,"column":5}}}},"branchMap":{"0":{"loc":{"start":{"line":68,"column":12},"end":{"line":68,"column":null}},"type":"binary-expr","locations":[{"start":{"line":68,"column":12},"end":{"line":68,"column":27}},{"start":{"line":68,"column":12},"end":{"line":68,"column":null}}]},"1":{"loc":{"start":{"line":362,"column":6},"end":{"line":368,"column":null}},"type":"if","locations":[{"start":{"line":362,"column":6},"end":{"line":368,"column":null}},{"start":{"line":364,"column":13},"end":{"line":368,"column":null}}]},"2":{"loc":{"start":{"line":364,"column":13},"end":{"line":368,"column":null}},"type":"if","locations":[{"start":{"line":364,"column":13},"end":{"line":368,"column":null}},{"start":{"line":366,"column":13},"end":{"line":368,"column":null}}]},"3":{"loc":{"start":{"line":714,"column":4},"end":{"line":716,"column":null}},"type":"if","locations":[{"start":{"line":714,"column":4},"end":{"line":716,"column":null}}]},"4":{"loc":{"start":{"line":714,"column":8},"end":{"line":714,"column":32}},"type":"binary-expr","locations":[{"start":{"line":714,"column":8},"end":{"line":714,"column":15}},{"start":{"line":714,"column":19},"end":{"line":714,"column":32}}]},"5":{"loc":{"start":{"line":717,"column":4},"end":{"line":719,"column":null}},"type":"if","locations":[{"start":{"line":717,"column":4},"end":{"line":719,"column":null}}]},"6":{"loc":{"start":{"line":717,"column":10},"end":{"line":717,"column":39}},"type":"binary-expr","locations":[{"start":{"line":717,"column":10},"end":{"line":717,"column":17}},{"start":{"line":717,"column":21},"end":{"line":717,"column":39}}]},"7":{"loc":{"start":{"line":728,"column":17},"end":{"line":728,"column":69}},"type":"cond-expr","locations":[{"start":{"line":728,"column":21},"end":{"line":728,"column":68}},{"start":{"line":728,"column":68},"end":{"line":728,"column":69}}]},"8":{"loc":{"start":{"line":737,"column":4},"end":{"line":739,"column":null}},"type":"if","locations":[{"start":{"line":737,"column":4},"end":{"line":739,"column":null}}]},"9":{"loc":{"start":{"line":737,"column":8},"end":{"line":737,"column":32}},"type":"binary-expr","locations":[{"start":{"line":737,"column":8},"end":{"line":737,"column":15}},{"start":{"line":737,"column":19},"end":{"line":737,"column":32}}]},"10":{"loc":{"start":{"line":740,"column":4},"end":{"line":742,"column":null}},"type":"if","locations":[{"start":{"line":740,"column":4},"end":{"line":742,"column":null}}]},"11":{"loc":{"start":{"line":740,"column":10},"end":{"line":740,"column":39}},"type":"binary-expr","locations":[{"start":{"line":740,"column":10},"end":{"line":740,"column":17}},{"start":{"line":740,"column":21},"end":{"line":740,"column":39}}]},"12":{"loc":{"start":{"line":753,"column":4},"end":{"line":755,"column":null}},"type":"if","locations":[{"start":{"line":753,"column":4},"end":{"line":755,"column":null}}]},"13":{"loc":{"start":{"line":766,"column":6},"end":{"line":774,"column":null}},"type":"if","locations":[{"start":{"line":766,"column":6},"end":{"line":774,"column":null}}]},"14":{"loc":{"start":{"line":767,"column":8},"end":{"line":773,"column":null}},"type":"if","locations":[{"start":{"line":767,"column":8},"end":{"line":773,"column":null}},{"start":{"line":769,"column":15},"end":{"line":773,"column":null}}]},"15":{"loc":{"start":{"line":769,"column":15},"end":{"line":773,"column":null}},"type":"if","locations":[{"start":{"line":769,"column":15},"end":{"line":773,"column":null}}]},"16":{"loc":{"start":{"line":770,"column":10},"end":{"line":772,"column":null}},"type":"if","locations":[{"start":{"line":770,"column":10},"end":{"line":772,"column":null}}]},"17":{"loc":{"start":{"line":780,"column":14},"end":{"line":780,"column":27}},"type":"binary-expr","locations":[{"start":{"line":780,"column":14},"end":{"line":780,"column":21}},{"start":{"line":780,"column":25},"end":{"line":780,"column":27}}]},"18":{"loc":{"start":{"line":781,"column":21},"end":{"line":781,"column":31}},"type":"cond-expr","locations":[{"start":{"line":781,"column":24},"end":{"line":781,"column":29}},{"start":{"line":781,"column":29},"end":{"line":781,"column":31}}]},"19":{"loc":{"start":{"line":781,"column":47},"end":{"line":781,"column":59}},"type":"cond-expr","locations":[{"start":{"line":781,"column":50},"end":{"line":781,"column":54}},{"start":{"line":781,"column":54},"end":{"line":781,"column":59}}]},"20":{"loc":{"start":{"line":785,"column":6},"end":{"line":785,"column":null}},"type":"if","locations":[{"start":{"line":785,"column":6},"end":{"line":785,"column":null}}]},"21":{"loc":{"start":{"line":787,"column":6},"end":{"line":820,"column":null}},"type":"if","locations":[{"start":{"line":787,"column":6},"end":{"line":820,"column":null}}]},"22":{"loc":{"start":{"line":789,"column":8},"end":{"line":819,"column":null}},"type":"if","locations":[{"start":{"line":789,"column":8},"end":{"line":819,"column":null}},{"start":{"line":804,"column":15},"end":{"line":819,"column":null}}]},"23":{"loc":{"start":{"line":791,"column":10},"end":{"line":791,"column":null}},"type":"if","locations":[{"start":{"line":791,"column":10},"end":{"line":791,"column":null}}]},"24":{"loc":{"start":{"line":791,"column":14},"end":{"line":791,"column":56}},"type":"binary-expr","locations":[{"start":{"line":791,"column":14},"end":{"line":791,"column":31}},{"start":{"line":791,"column":35},"end":{"line":791,"column":56}}]},"25":{"loc":{"start":{"line":797,"column":12},"end":{"line":799,"column":null}},"type":"if","locations":[{"start":{"line":797,"column":12},"end":{"line":799,"column":null}}]},"26":{"loc":{"start":{"line":797,"column":16},"end":{"line":797,"column":51}},"type":"binary-expr","locations":[{"start":{"line":797,"column":16},"end":{"line":797,"column":28}},{"start":{"line":797,"column":32},"end":{"line":797,"column":51}}]},"27":{"loc":{"start":{"line":804,"column":15},"end":{"line":819,"column":null}},"type":"if","locations":[{"start":{"line":804,"column":15},"end":{"line":819,"column":null}},{"start":{"line":814,"column":15},"end":{"line":819,"column":null}}]},"28":{"loc":{"start":{"line":808,"column":10},"end":{"line":813,"column":null}},"type":"if","locations":[{"start":{"line":808,"column":10},"end":{"line":813,"column":null}},{"start":{"line":810,"column":17},"end":{"line":813,"column":null}}]},"29":{"loc":{"start":{"line":816,"column":10},"end":{"line":818,"column":null}},"type":"if","locations":[{"start":{"line":816,"column":10},"end":{"line":818,"column":null}}]},"30":{"loc":{"start":{"line":816,"column":14},"end":{"line":816,"column":51}},"type":"binary-expr","locations":[{"start":{"line":816,"column":14},"end":{"line":816,"column":40}},{"start":{"line":816,"column":44},"end":{"line":816,"column":51}}]},"31":{"loc":{"start":{"line":830,"column":6},"end":{"line":847,"column":null}},"type":"if","locations":[{"start":{"line":830,"column":6},"end":{"line":847,"column":null}}]},"32":{"loc":{"start":{"line":831,"column":8},"end":{"line":846,"column":null}},"type":"if","locations":[{"start":{"line":831,"column":8},"end":{"line":846,"column":null}},{"start":{"line":834,"column":15},"end":{"line":846,"column":null}}]},"33":{"loc":{"start":{"line":834,"column":15},"end":{"line":846,"column":null}},"type":"if","locations":[{"start":{"line":834,"column":15},"end":{"line":846,"column":null}},{"start":{"line":840,"column":15},"end":{"line":846,"column":null}}]},"34":{"loc":{"start":{"line":835,"column":10},"end":{"line":839,"column":null}},"type":"if","locations":[{"start":{"line":835,"column":10},"end":{"line":839,"column":null}},{"start":{"line":837,"column":17},"end":{"line":839,"column":null}}]},"35":{"loc":{"start":{"line":843,"column":10},"end":{"line":845,"column":null}},"type":"if","locations":[{"start":{"line":843,"column":10},"end":{"line":845,"column":null}}]},"36":{"loc":{"start":{"line":843,"column":14},"end":{"line":843,"column":51}},"type":"binary-expr","locations":[{"start":{"line":843,"column":14},"end":{"line":843,"column":40}},{"start":{"line":843,"column":44},"end":{"line":843,"column":51}}]},"37":{"loc":{"start":{"line":860,"column":4},"end":{"line":862,"column":null}},"type":"if","locations":[{"start":{"line":860,"column":4},"end":{"line":862,"column":null}}]},"38":{"loc":{"start":{"line":863,"column":19},"end":{"line":863,"column":53}},"type":"binary-expr","locations":[{"start":{"line":863,"column":19},"end":{"line":863,"column":35}},{"start":{"line":863,"column":39},"end":{"line":863,"column":53}}]},"39":{"loc":{"start":{"line":864,"column":19},"end":{"line":864,"column":40}},"type":"binary-expr","locations":[{"start":{"line":864,"column":19},"end":{"line":864,"column":34}},{"start":{"line":864,"column":38},"end":{"line":864,"column":40}}]},"40":{"loc":{"start":{"line":865,"column":23},"end":{"line":866,"column":31}},"type":"cond-expr","locations":[{"start":{"line":866,"column":6},"end":{"line":866,"column":10}},{"start":{"line":866,"column":13},"end":{"line":866,"column":31}}]},"41":{"loc":{"start":{"line":867,"column":4},"end":{"line":869,"column":null}},"type":"if","locations":[{"start":{"line":867,"column":4},"end":{"line":869,"column":null}}]},"42":{"loc":{"start":{"line":876,"column":6},"end":{"line":878,"column":null}},"type":"if","locations":[{"start":{"line":876,"column":6},"end":{"line":878,"column":null}}]},"43":{"loc":{"start":{"line":881,"column":4},"end":{"line":885,"column":null}},"type":"if","locations":[{"start":{"line":881,"column":4},"end":{"line":885,"column":null}}]},"44":{"loc":{"start":{"line":889,"column":6},"end":{"line":892,"column":null}},"type":"if","locations":[{"start":{"line":889,"column":6},"end":{"line":892,"column":null}}]},"45":{"loc":{"start":{"line":889,"column":10},"end":{"line":889,"column":41}},"type":"binary-expr","locations":[{"start":{"line":889,"column":10},"end":{"line":889,"column":27}},{"start":{"line":889,"column":31},"end":{"line":889,"column":41}}]},"46":{"loc":{"start":{"line":896,"column":8},"end":{"line":899,"column":null}},"type":"if","locations":[{"start":{"line":896,"column":8},"end":{"line":899,"column":null}}]},"47":{"loc":{"start":{"line":901,"column":16},"end":{"line":901,"column":37}},"type":"binary-expr","locations":[{"start":{"line":901,"column":16},"end":{"line":901,"column":23}},{"start":{"line":901,"column":27},"end":{"line":901,"column":37}}]},"48":{"loc":{"start":{"line":902,"column":6},"end":{"line":904,"column":null}},"type":"if","locations":[{"start":{"line":902,"column":6},"end":{"line":904,"column":null}}]},"49":{"loc":{"start":{"line":902,"column":10},"end":{"line":902,"column":32}},"type":"binary-expr","locations":[{"start":{"line":902,"column":10},"end":{"line":902,"column":18}},{"start":{"line":902,"column":22},"end":{"line":902,"column":32}}]},"50":{"loc":{"start":{"line":907,"column":8},"end":{"line":909,"column":null}},"type":"if","locations":[{"start":{"line":907,"column":8},"end":{"line":909,"column":null}}]},"51":{"loc":{"start":{"line":915,"column":6},"end":{"line":920,"column":null}},"type":"if","locations":[{"start":{"line":915,"column":6},"end":{"line":920,"column":null}}]},"52":{"loc":{"start":{"line":917,"column":8},"end":{"line":919,"column":null}},"type":"if","locations":[{"start":{"line":917,"column":8},"end":{"line":919,"column":null}}]},"53":{"loc":{"start":{"line":925,"column":6},"end":{"line":927,"column":null}},"type":"if","locations":[{"start":{"line":925,"column":6},"end":{"line":927,"column":null}}]},"54":{"loc":{"start":{"line":928,"column":6},"end":{"line":934,"column":null}},"type":"if","locations":[{"start":{"line":928,"column":6},"end":{"line":934,"column":null}}]},"55":{"loc":{"start":{"line":929,"column":8},"end":{"line":932,"column":null}},"type":"if","locations":[{"start":{"line":929,"column":8},"end":{"line":932,"column":null}}]},"56":{"loc":{"start":{"line":929,"column":12},"end":{"line":929,"column":37}},"type":"binary-expr","locations":[{"start":{"line":929,"column":12},"end":{"line":929,"column":22}},{"start":{"line":929,"column":26},"end":{"line":929,"column":37}}]},"57":{"loc":{"start":{"line":935,"column":6},"end":{"line":937,"column":null}},"type":"if","locations":[{"start":{"line":935,"column":6},"end":{"line":937,"column":null}}]},"58":{"loc":{"start":{"line":935,"column":10},"end":{"line":935,"column":56}},"type":"binary-expr","locations":[{"start":{"line":935,"column":10},"end":{"line":935,"column":42}},{"start":{"line":935,"column":46},"end":{"line":935,"column":56}}]},"59":{"loc":{"start":{"line":935,"column":12},"end":{"line":935,"column":41}},"type":"binary-expr","locations":[{"start":{"line":935,"column":12},"end":{"line":935,"column":22}},{"start":{"line":935,"column":27},"end":{"line":935,"column":40}}]},"60":{"loc":{"start":{"line":943,"column":6},"end":{"line":945,"column":null}},"type":"if","locations":[{"start":{"line":943,"column":6},"end":{"line":945,"column":null}}]},"61":{"loc":{"start":{"line":949,"column":6},"end":{"line":956,"column":null}},"type":"if","locations":[{"start":{"line":949,"column":6},"end":{"line":956,"column":null}}]},"62":{"loc":{"start":{"line":949,"column":10},"end":{"line":951,"column":47}},"type":"binary-expr","locations":[{"start":{"line":949,"column":10},"end":{"line":949,"column":21}},{"start":{"line":950,"column":8},"end":{"line":950,"column":18}},{"start":{"line":951,"column":9},"end":{"line":951,"column":37}},{"start":{"line":951,"column":41},"end":{"line":951,"column":46}}]},"63":{"loc":{"start":{"line":952,"column":8},"end":{"line":954,"column":null}},"type":"if","locations":[{"start":{"line":952,"column":8},"end":{"line":954,"column":null}}]},"64":{"loc":{"start":{"line":952,"column":12},"end":{"line":952,"column":41}},"type":"binary-expr","locations":[{"start":{"line":952,"column":12},"end":{"line":952,"column":30}},{"start":{"line":952,"column":34},"end":{"line":952,"column":41}}]},"65":{"loc":{"start":{"line":960,"column":6},"end":{"line":968,"column":null}},"type":"if","locations":[{"start":{"line":960,"column":6},"end":{"line":968,"column":null}},{"start":{"line":962,"column":13},"end":{"line":968,"column":null}}]},"66":{"loc":{"start":{"line":962,"column":13},"end":{"line":968,"column":null}},"type":"if","locations":[{"start":{"line":962,"column":13},"end":{"line":968,"column":null}},{"start":{"line":964,"column":13},"end":{"line":968,"column":null}}]},"67":{"loc":{"start":{"line":964,"column":13},"end":{"line":968,"column":null}},"type":"if","locations":[{"start":{"line":964,"column":13},"end":{"line":968,"column":null}},{"start":{"line":966,"column":13},"end":{"line":968,"column":null}}]},"68":{"loc":{"start":{"line":975,"column":4},"end":{"line":977,"column":null}},"type":"if","locations":[{"start":{"line":975,"column":4},"end":{"line":977,"column":null}}]},"69":{"loc":{"start":{"line":981,"column":4},"end":{"line":983,"column":null}},"type":"if","locations":[{"start":{"line":981,"column":4},"end":{"line":983,"column":null}}]},"70":{"loc":{"start":{"line":991,"column":4},"end":{"line":993,"column":null}},"type":"if","locations":[{"start":{"line":991,"column":4},"end":{"line":993,"column":null}}]},"71":{"loc":{"start":{"line":1000,"column":6},"end":{"line":1004,"column":null}},"type":"if","locations":[{"start":{"line":1000,"column":6},"end":{"line":1004,"column":null}}]},"72":{"loc":{"start":{"line":1014,"column":4},"end":{"line":1016,"column":null}},"type":"if","locations":[{"start":{"line":1014,"column":4},"end":{"line":1016,"column":null}}]},"73":{"loc":{"start":{"line":1014,"column":10},"end":{"line":1014,"column":39}},"type":"binary-expr","locations":[{"start":{"line":1014,"column":10},"end":{"line":1014,"column":17}},{"start":{"line":1014,"column":21},"end":{"line":1014,"column":39}}]},"74":{"loc":{"start":{"line":1017,"column":4},"end":{"line":1019,"column":null}},"type":"if","locations":[{"start":{"line":1017,"column":4},"end":{"line":1019,"column":null}}]},"75":{"loc":{"start":{"line":1032,"column":4},"end":{"line":1034,"column":null}},"type":"if","locations":[{"start":{"line":1032,"column":4},"end":{"line":1034,"column":null}}]},"76":{"loc":{"start":{"line":1032,"column":8},"end":{"line":1032,"column":32}},"type":"binary-expr","locations":[{"start":{"line":1032,"column":8},"end":{"line":1032,"column":15}},{"start":{"line":1032,"column":19},"end":{"line":1032,"column":32}}]},"77":{"loc":{"start":{"line":1035,"column":4},"end":{"line":1037,"column":null}},"type":"if","locations":[{"start":{"line":1035,"column":4},"end":{"line":1037,"column":null}}]},"78":{"loc":{"start":{"line":1035,"column":10},"end":{"line":1035,"column":39}},"type":"binary-expr","locations":[{"start":{"line":1035,"column":10},"end":{"line":1035,"column":17}},{"start":{"line":1035,"column":21},"end":{"line":1035,"column":39}}]},"79":{"loc":{"start":{"line":216,"column":6},"end":{"line":217,"column":43}},"type":"binary-expr","locations":[{"start":{"line":216,"column":6},"end":{"line":216,"column":59}},{"start":{"line":217,"column":6},"end":{"line":217,"column":43}}]},"80":{"loc":{"start":{"line":223,"column":6},"end":{"line":225,"column":null}},"type":"if","locations":[{"start":{"line":223,"column":6},"end":{"line":225,"column":null}}]},"81":{"loc":{"start":{"line":227,"column":23},"end":{"line":227,"column":54}},"type":"binary-expr","locations":[{"start":{"line":227,"column":23},"end":{"line":227,"column":39}},{"start":{"line":227,"column":43},"end":{"line":227,"column":54}}]},"82":{"loc":{"start":{"line":230,"column":19},"end":{"line":230,"column":42}},"type":"binary-expr","locations":[{"start":{"line":230,"column":19},"end":{"line":230,"column":29}},{"start":{"line":230,"column":33},"end":{"line":230,"column":42}}]},"83":{"loc":{"start":{"line":261,"column":6},"end":{"line":267,"column":null}},"type":"if","locations":[{"start":{"line":261,"column":6},"end":{"line":267,"column":null}}]},"84":{"loc":{"start":{"line":269,"column":6},"end":{"line":279,"column":null}},"type":"if","locations":[{"start":{"line":269,"column":6},"end":{"line":279,"column":null}},{"start":{"line":271,"column":13},"end":{"line":279,"column":null}}]},"85":{"loc":{"start":{"line":273,"column":8},"end":{"line":275,"column":null}},"type":"if","locations":[{"start":{"line":273,"column":8},"end":{"line":275,"column":null}}]},"86":{"loc":{"start":{"line":276,"column":8},"end":{"line":278,"column":null}},"type":"if","locations":[{"start":{"line":276,"column":8},"end":{"line":278,"column":null}}]},"87":{"loc":{"start":{"line":280,"column":42},"end":{"line":281,"column":40}},"type":"binary-expr","locations":[{"start":{"line":280,"column":42},"end":{"line":280,"column":55}},{"start":{"line":281,"column":8},"end":{"line":281,"column":40}}]},"88":{"loc":{"start":{"line":282,"column":32},"end":{"line":283,"column":61}},"type":"cond-expr","locations":[{"start":{"line":283,"column":8},"end":{"line":283,"column":33}},{"start":{"line":283,"column":36},"end":{"line":283,"column":61}}]},"89":{"loc":{"start":{"line":379,"column":4},"end":{"line":381,"column":null}},"type":"if","locations":[{"start":{"line":379,"column":4},"end":{"line":381,"column":null}}]},"90":{"loc":{"start":{"line":379,"column":8},"end":{"line":379,"column":32}},"type":"binary-expr","locations":[{"start":{"line":379,"column":8},"end":{"line":379,"column":15}},{"start":{"line":379,"column":19},"end":{"line":379,"column":32}}]},"91":{"loc":{"start":{"line":382,"column":4},"end":{"line":385,"column":null}},"type":"if","locations":[{"start":{"line":382,"column":4},"end":{"line":385,"column":null}}]},"92":{"loc":{"start":{"line":382,"column":8},"end":{"line":382,"column":42}},"type":"binary-expr","locations":[{"start":{"line":382,"column":8},"end":{"line":382,"column":15}},{"start":{"line":382,"column":19},"end":{"line":382,"column":42}}]},"93":{"loc":{"start":{"line":386,"column":4},"end":{"line":388,"column":null}},"type":"if","locations":[{"start":{"line":386,"column":4},"end":{"line":388,"column":null}}]},"94":{"loc":{"start":{"line":386,"column":10},"end":{"line":386,"column":39}},"type":"binary-expr","locations":[{"start":{"line":386,"column":10},"end":{"line":386,"column":17}},{"start":{"line":386,"column":21},"end":{"line":386,"column":39}}]},"95":{"loc":{"start":{"line":402,"column":4},"end":{"line":680,"column":null}},"type":"if","locations":[{"start":{"line":402,"column":4},"end":{"line":680,"column":null}}]},"96":{"loc":{"start":{"line":403,"column":6},"end":{"line":405,"column":null}},"type":"if","locations":[{"start":{"line":403,"column":6},"end":{"line":405,"column":null}}]},"97":{"loc":{"start":{"line":406,"column":6},"end":{"line":408,"column":null}},"type":"if","locations":[{"start":{"line":406,"column":6},"end":{"line":408,"column":null}}]},"98":{"loc":{"start":{"line":409,"column":6},"end":{"line":411,"column":null}},"type":"if","locations":[{"start":{"line":409,"column":6},"end":{"line":411,"column":null}}]},"99":{"loc":{"start":{"line":412,"column":6},"end":{"line":414,"column":null}},"type":"if","locations":[{"start":{"line":412,"column":6},"end":{"line":414,"column":null}}]},"100":{"loc":{"start":{"line":415,"column":6},"end":{"line":417,"column":null}},"type":"if","locations":[{"start":{"line":415,"column":6},"end":{"line":417,"column":null}}]},"101":{"loc":{"start":{"line":418,"column":6},"end":{"line":420,"column":null}},"type":"if","locations":[{"start":{"line":418,"column":6},"end":{"line":420,"column":null}}]},"102":{"loc":{"start":{"line":421,"column":6},"end":{"line":423,"column":null}},"type":"if","locations":[{"start":{"line":421,"column":6},"end":{"line":423,"column":null}}]},"103":{"loc":{"start":{"line":424,"column":6},"end":{"line":426,"column":null}},"type":"if","locations":[{"start":{"line":424,"column":6},"end":{"line":426,"column":null}}]},"104":{"loc":{"start":{"line":427,"column":6},"end":{"line":429,"column":null}},"type":"if","locations":[{"start":{"line":427,"column":6},"end":{"line":429,"column":null}}]},"105":{"loc":{"start":{"line":430,"column":6},"end":{"line":432,"column":null}},"type":"if","locations":[{"start":{"line":430,"column":6},"end":{"line":432,"column":null}}]},"106":{"loc":{"start":{"line":433,"column":6},"end":{"line":435,"column":null}},"type":"if","locations":[{"start":{"line":433,"column":6},"end":{"line":435,"column":null}}]},"107":{"loc":{"start":{"line":436,"column":6},"end":{"line":438,"column":null}},"type":"if","locations":[{"start":{"line":436,"column":6},"end":{"line":438,"column":null}}]},"108":{"loc":{"start":{"line":439,"column":6},"end":{"line":441,"column":null}},"type":"if","locations":[{"start":{"line":439,"column":6},"end":{"line":441,"column":null}}]},"109":{"loc":{"start":{"line":442,"column":6},"end":{"line":444,"column":null}},"type":"if","locations":[{"start":{"line":442,"column":6},"end":{"line":444,"column":null}}]},"110":{"loc":{"start":{"line":445,"column":6},"end":{"line":447,"column":null}},"type":"if","locations":[{"start":{"line":445,"column":6},"end":{"line":447,"column":null}}]},"111":{"loc":{"start":{"line":448,"column":6},"end":{"line":451,"column":null}},"type":"if","locations":[{"start":{"line":448,"column":6},"end":{"line":451,"column":null}}]},"112":{"loc":{"start":{"line":452,"column":6},"end":{"line":454,"column":null}},"type":"if","locations":[{"start":{"line":452,"column":6},"end":{"line":454,"column":null}}]},"113":{"loc":{"start":{"line":455,"column":6},"end":{"line":457,"column":null}},"type":"if","locations":[{"start":{"line":455,"column":6},"end":{"line":457,"column":null}}]},"114":{"loc":{"start":{"line":458,"column":6},"end":{"line":461,"column":null}},"type":"if","locations":[{"start":{"line":458,"column":6},"end":{"line":461,"column":null}}]},"115":{"loc":{"start":{"line":462,"column":6},"end":{"line":464,"column":null}},"type":"if","locations":[{"start":{"line":462,"column":6},"end":{"line":464,"column":null}}]},"116":{"loc":{"start":{"line":465,"column":6},"end":{"line":468,"column":null}},"type":"if","locations":[{"start":{"line":465,"column":6},"end":{"line":468,"column":null}}]},"117":{"loc":{"start":{"line":469,"column":6},"end":{"line":472,"column":null}},"type":"if","locations":[{"start":{"line":469,"column":6},"end":{"line":472,"column":null}}]},"118":{"loc":{"start":{"line":473,"column":6},"end":{"line":475,"column":null}},"type":"if","locations":[{"start":{"line":473,"column":6},"end":{"line":475,"column":null}}]},"119":{"loc":{"start":{"line":476,"column":6},"end":{"line":479,"column":null}},"type":"if","locations":[{"start":{"line":476,"column":6},"end":{"line":479,"column":null}}]},"120":{"loc":{"start":{"line":480,"column":6},"end":{"line":483,"column":null}},"type":"if","locations":[{"start":{"line":480,"column":6},"end":{"line":483,"column":null}}]},"121":{"loc":{"start":{"line":484,"column":6},"end":{"line":486,"column":null}},"type":"if","locations":[{"start":{"line":484,"column":6},"end":{"line":486,"column":null}}]},"122":{"loc":{"start":{"line":487,"column":6},"end":{"line":489,"column":null}},"type":"if","locations":[{"start":{"line":487,"column":6},"end":{"line":489,"column":null}}]},"123":{"loc":{"start":{"line":490,"column":6},"end":{"line":494,"column":null}},"type":"if","locations":[{"start":{"line":490,"column":6},"end":{"line":494,"column":null}}]},"124":{"loc":{"start":{"line":495,"column":6},"end":{"line":497,"column":null}},"type":"if","locations":[{"start":{"line":495,"column":6},"end":{"line":497,"column":null}}]},"125":{"loc":{"start":{"line":498,"column":6},"end":{"line":500,"column":null}},"type":"if","locations":[{"start":{"line":498,"column":6},"end":{"line":500,"column":null}}]},"126":{"loc":{"start":{"line":501,"column":6},"end":{"line":503,"column":null}},"type":"if","locations":[{"start":{"line":501,"column":6},"end":{"line":503,"column":null}}]},"127":{"loc":{"start":{"line":504,"column":6},"end":{"line":507,"column":null}},"type":"if","locations":[{"start":{"line":504,"column":6},"end":{"line":507,"column":null}}]},"128":{"loc":{"start":{"line":508,"column":6},"end":{"line":511,"column":null}},"type":"if","locations":[{"start":{"line":508,"column":6},"end":{"line":511,"column":null}}]},"129":{"loc":{"start":{"line":512,"column":6},"end":{"line":515,"column":null}},"type":"if","locations":[{"start":{"line":512,"column":6},"end":{"line":515,"column":null}}]},"130":{"loc":{"start":{"line":516,"column":6},"end":{"line":519,"column":null}},"type":"if","locations":[{"start":{"line":516,"column":6},"end":{"line":519,"column":null}}]},"131":{"loc":{"start":{"line":520,"column":6},"end":{"line":523,"column":null}},"type":"if","locations":[{"start":{"line":520,"column":6},"end":{"line":523,"column":null}}]},"132":{"loc":{"start":{"line":524,"column":6},"end":{"line":527,"column":null}},"type":"if","locations":[{"start":{"line":524,"column":6},"end":{"line":527,"column":null}}]},"133":{"loc":{"start":{"line":528,"column":6},"end":{"line":531,"column":null}},"type":"if","locations":[{"start":{"line":528,"column":6},"end":{"line":531,"column":null}}]},"134":{"loc":{"start":{"line":532,"column":6},"end":{"line":535,"column":null}},"type":"if","locations":[{"start":{"line":532,"column":6},"end":{"line":535,"column":null}}]},"135":{"loc":{"start":{"line":536,"column":6},"end":{"line":538,"column":null}},"type":"if","locations":[{"start":{"line":536,"column":6},"end":{"line":538,"column":null}}]},"136":{"loc":{"start":{"line":539,"column":6},"end":{"line":542,"column":null}},"type":"if","locations":[{"start":{"line":539,"column":6},"end":{"line":542,"column":null}}]},"137":{"loc":{"start":{"line":543,"column":6},"end":{"line":546,"column":null}},"type":"if","locations":[{"start":{"line":543,"column":6},"end":{"line":546,"column":null}}]},"138":{"loc":{"start":{"line":547,"column":6},"end":{"line":550,"column":null}},"type":"if","locations":[{"start":{"line":547,"column":6},"end":{"line":550,"column":null}}]},"139":{"loc":{"start":{"line":551,"column":6},"end":{"line":554,"column":null}},"type":"if","locations":[{"start":{"line":551,"column":6},"end":{"line":554,"column":null}}]},"140":{"loc":{"start":{"line":555,"column":6},"end":{"line":557,"column":null}},"type":"if","locations":[{"start":{"line":555,"column":6},"end":{"line":557,"column":null}}]},"141":{"loc":{"start":{"line":558,"column":6},"end":{"line":560,"column":null}},"type":"if","locations":[{"start":{"line":558,"column":6},"end":{"line":560,"column":null}}]},"142":{"loc":{"start":{"line":561,"column":6},"end":{"line":564,"column":null}},"type":"if","locations":[{"start":{"line":561,"column":6},"end":{"line":564,"column":null}}]},"143":{"loc":{"start":{"line":565,"column":6},"end":{"line":568,"column":null}},"type":"if","locations":[{"start":{"line":565,"column":6},"end":{"line":568,"column":null}}]},"144":{"loc":{"start":{"line":569,"column":6},"end":{"line":572,"column":null}},"type":"if","locations":[{"start":{"line":569,"column":6},"end":{"line":572,"column":null}}]},"145":{"loc":{"start":{"line":573,"column":6},"end":{"line":576,"column":null}},"type":"if","locations":[{"start":{"line":573,"column":6},"end":{"line":576,"column":null}}]},"146":{"loc":{"start":{"line":577,"column":6},"end":{"line":580,"column":null}},"type":"if","locations":[{"start":{"line":577,"column":6},"end":{"line":580,"column":null}}]},"147":{"loc":{"start":{"line":581,"column":6},"end":{"line":584,"column":null}},"type":"if","locations":[{"start":{"line":581,"column":6},"end":{"line":584,"column":null}}]},"148":{"loc":{"start":{"line":585,"column":6},"end":{"line":587,"column":null}},"type":"if","locations":[{"start":{"line":585,"column":6},"end":{"line":587,"column":null}}]},"149":{"loc":{"start":{"line":588,"column":6},"end":{"line":590,"column":null}},"type":"if","locations":[{"start":{"line":588,"column":6},"end":{"line":590,"column":null}}]},"150":{"loc":{"start":{"line":591,"column":6},"end":{"line":593,"column":null}},"type":"if","locations":[{"start":{"line":591,"column":6},"end":{"line":593,"column":null}}]},"151":{"loc":{"start":{"line":594,"column":6},"end":{"line":597,"column":null}},"type":"if","locations":[{"start":{"line":594,"column":6},"end":{"line":597,"column":null}}]},"152":{"loc":{"start":{"line":598,"column":6},"end":{"line":601,"column":null}},"type":"if","locations":[{"start":{"line":598,"column":6},"end":{"line":601,"column":null}}]},"153":{"loc":{"start":{"line":602,"column":6},"end":{"line":604,"column":null}},"type":"if","locations":[{"start":{"line":602,"column":6},"end":{"line":604,"column":null}}]},"154":{"loc":{"start":{"line":605,"column":6},"end":{"line":607,"column":null}},"type":"if","locations":[{"start":{"line":605,"column":6},"end":{"line":607,"column":null}}]},"155":{"loc":{"start":{"line":608,"column":6},"end":{"line":610,"column":null}},"type":"if","locations":[{"start":{"line":608,"column":6},"end":{"line":610,"column":null}}]},"156":{"loc":{"start":{"line":611,"column":6},"end":{"line":613,"column":null}},"type":"if","locations":[{"start":{"line":611,"column":6},"end":{"line":613,"column":null}}]},"157":{"loc":{"start":{"line":614,"column":6},"end":{"line":617,"column":null}},"type":"if","locations":[{"start":{"line":614,"column":6},"end":{"line":617,"column":null}}]},"158":{"loc":{"start":{"line":618,"column":6},"end":{"line":621,"column":null}},"type":"if","locations":[{"start":{"line":618,"column":6},"end":{"line":621,"column":null}}]},"159":{"loc":{"start":{"line":622,"column":6},"end":{"line":625,"column":null}},"type":"if","locations":[{"start":{"line":622,"column":6},"end":{"line":625,"column":null}}]},"160":{"loc":{"start":{"line":626,"column":6},"end":{"line":628,"column":null}},"type":"if","locations":[{"start":{"line":626,"column":6},"end":{"line":628,"column":null}}]},"161":{"loc":{"start":{"line":629,"column":6},"end":{"line":631,"column":null}},"type":"if","locations":[{"start":{"line":629,"column":6},"end":{"line":631,"column":null}}]},"162":{"loc":{"start":{"line":632,"column":6},"end":{"line":634,"column":null}},"type":"if","locations":[{"start":{"line":632,"column":6},"end":{"line":634,"column
[...]
,"end":{"line":31,"column":null}},"55":{"start":{"line":33,"column":2},"end":{"line":34,"column":null}},"56":{"start":{"line":36,"column":2},"end":{"line":37,"column":null}},"57":{"start":{"line":39,"column":2},"end":{"line":40,"column":null}},"58":{"start":{"line":42,"column":2},"end":{"line":43,"column":null}},"59":{"start":{"line":45,"column":2},"end":{"line":46,"column":null}},"60":{"start":{"line":48,"column":2},"end":{"line":49,"column":null}},"61":{"start":{"line":51,"column":2},"end":{"line":52,"column":null}},"62":{"start":{"line":54,"column":2},"end":{"line":55,"column":null}},"63":{"start":{"line":57,"column":2},"end":{"line":58,"column":null}},"64":{"start":{"line":60,"column":2},"end":{"line":61,"column":null}},"65":{"start":{"line":63,"column":2},"end":{"line":64,"column":null}},"66":{"start":{"line":66,"column":2},"end":{"line":67,"column":null}},"67":{"start":{"line":69,"column":2},"end":{"line":70,"column":null}},"68":{"start":{"line":72,"column":2},"end":{"line":73,"column":null}},"69":{"start":{"line":75,"column":2},"end":{"line":76,"column":null}},"70":{"start":{"line":78,"column":2},"end":{"line":79,"column":null}},"71":{"start":{"line":81,"column":2},"end":{"line":82,"column":null}},"72":{"start":{"line":84,"column":2},"end":{"line":85,"column":null}},"73":{"start":{"line":87,"column":2},"end":{"line":88,"column":null}},"74":{"start":{"line":90,"column":2},"end":{"line":91,"column":null}},"75":{"start":{"line":93,"column":2},"end":{"line":94,"column":null}},"76":{"start":{"line":96,"column":2},"end":{"line":97,"column":null}},"77":{"start":{"line":99,"column":2},"end":{"line":100,"column":null}},"78":{"start":{"line":102,"column":2},"end":{"line":103,"column":null}},"79":{"start":{"line":105,"column":2},"end":{"line":106,"column":null}},"80":{"start":{"line":108,"column":2},"end":{"line":109,"column":null}},"81":{"start":{"line":111,"column":2},"end":{"line":112,"column":null}},"82":{"start":{"line":114,"column":2},"end":{"line":115,"column":null}},"83":{"start":{"line":117,"column":2},"end":{"line":118,"column":null}},"84":{"start":{"line":120,"column":2},"end":{"line":121,"column":null}},"85":{"start":{"line":123,"column":2},"end":{"line":124,"column":null}},"86":{"start":{"line":126,"column":2},"end":{"line":127,"column":null}},"87":{"start":{"line":129,"column":2},"end":{"line":130,"column":null}},"88":{"start":{"line":132,"column":2},"end":{"line":133,"column":null}},"89":{"start":{"line":191,"column":0},"end":{"line":191,"column":null}},"90":{"start":{"line":10,"column":13},"end":{"line":10,"column":27}}},"fnMap":{"0":{"name":"(anonymous_10)","decl":{"start":{"line":10,"column":0},"end":{"line":10,"column":13}},"loc":{"start":{"line":10,"column":0},"end":{"line":10,"column":13}}},"1":{"name":"(anonymous_12)","decl":{"start":{"line":135,"column":24},"end":{"line":135,"column":null}},"loc":{"start":{"line":135,"column":24},"end":{"line":145,"column":3}}},"2":{"name":"(anonymous_13)","decl":{"start":{"line":147,"column":31},"end":{"line":147,"column":null}},"loc":{"start":{"line":147,"column":31},"end":{"line":190,"column":3}}},"3":{"name":"customiser","decl":{"start":{"line":183,"column":13},"end":{"line":183,"column":23}},"loc":{"start":{"line":183,"column":46},"end":{"line":187,"column":5}}}},"branchMap":{"0":{"loc":{"start":{"line":10,"column":0},"end":{"line":10,"column":13}},"type":"binary-expr","locations":[{"start":{"line":10,"column":0},"end":{"line":10,"column":13}},{"start":{"line":10,"column":0},"end":{"line":10,"column":13}},{"start":{"line":10,"column":0},"end":{"line":10,"column":13}}]},"1":{"loc":{"start":{"line":136,"column":4},"end":{"line":138,"column":null}},"type":"if","locations":[{"start":{"line":136,"column":4},"end":{"line":138,"column":null}}]},"2":{"loc":{"start":{"line":148,"column":4},"end":{"line":150,"column":null}},"type":"if","locations":[{"start":{"line":148,"column":4},"end":{"line":150,"column":null}}]},"3":{"loc":{"start":{"line":151,"column":4},"end":{"line":154,"column":null}},"type":"if","locations":[{"start":{"line":151,"column":4},"end":{"line":154,"column":null}}]},"4":{"loc":{"start":{"line":155,"column":4},"end":{"line":157,"column":null}},"type":"if","locations":[{"start":{"line":155,"column":4},"end":{"line":157,"column":null}}]},"5":{"loc":{"start":{"line":160,"column":4},"end":{"line":180,"column":null}},"type":"if","locations":[{"start":{"line":160,"column":4},"end":{"line":180,"column":null}},{"start":{"line":177,"column":11},"end":{"line":180,"column":null}}]},"6":{"loc":{"start":{"line":164,"column":8},"end":{"line":172,"column":null}},"type":"if","locations":[{"start":{"line":164,"column":8},"end":{"line":172,"column":null}}]},"7":{"loc":{"start":{"line":164,"column":12},"end":{"line":165,"column":57}},"type":"binary-expr","locations":[{"start":{"line":164,"column":13},"end":{"line":164,"column":39}},{"start":{"line":164,"column":43},"end":{"line":164,"column":57}},{"start":{"line":165,"column":11},"end":{"line":165,"column":38}},{"start":{"line":165,"column":42},"end":{"line":165,"column":56}}]},"8":{"loc":{"start":{"line":166,"column":10},"end":{"line":169,"column":null}},"type":"if","locations":[{"start":{"line":166,"column":10},"end":{"line":169,"column":null}}]},"9":{"loc":{"start":{"line":184,"column":6},"end":{"line":186,"column":null}},"type":"if","locations":[{"start":{"line":184,"column":6},"end":{"line":186,"column":null}}]}},"s":{"0":0,"1":0,"2":0,"3":0,"4":0,"5":0,"6":0,"7":0,"8":0,"9":0,"10":0,"11":0,"12":0,"13":0,"14":0,"15":0,"16":0,"17":0,"18":0,"19":0,"20":0,"21":0,"22":0,"23":0,"24":0,"25":0,"26":0,"27":0,"28":0,"29":0,"30":0,"31":0,"32":0,"33":0,"34":0,"35":0,"36":0,"37":0,"38":0,"39":0,"40":0,"41":0,"42":0,"43":0,"44":0,"45":0,"46":0,"47":0,"48":0,"49":0,"50":0,"51":0,"52":0,"53":0,"54":0,"55":0,"56":0,"57":0,"58":0,"59":0,"60":0,"61":0,"62":0,"63":0,"64":0,"65":0,"66":0,"67":0,"68":0,"69":0,"70":0,"71":0,"72":0,"73":0,"74":0,"75":0,"76":0,"77":0,"78":0,"79":0,"80":0,"81":0,"82":0,"83":0,"84":0,"85":0,"86":0,"87":0,"88":0,"89":0,"90":0},"f":{"0":0,"1":0,"2":0,"3":0},"b":{"0":[0,0,0],"1":[0],"2":[0],"3":[0],"4":[0],"5":[0,0],"6":[0],"7":[0,0,0,0],"8":[0],"9":[0]}}
,"/Users/jamescool/merchi_sdk_ts/src/entities/variation_fields_option.ts": {"path":"/Users/jamescool/merchi_sdk_ts/src/entities/variation_fields_option.ts","statementMap":{"0":{"start":{"line":2,"column":0},"end":{"line":2,"column":38}},"1":{"start":{"line":3,"column":0},"end":{"line":3,"column":39}},"2":{"start":{"line":6,"column":0},"end":{"line":6,"column":54}},"3":{"start":{"line":8,"column":0},"end":{"line":8,"column":null}},"4":{"start":{"line":8,"column":43},"end":{"line":8,"column":49}},"5":{"start":{"line":8,"column":0},"end":{"line":8,"column":13}},"6":{"start":{"line":76,"column":9},"end":{"line":84,"column":4}},"7":{"start":{"line":77,"column":4},"end":{"line":79,"column":null}},"8":{"start":{"line":78,"column":6},"end":{"line":78,"column":50}},"9":{"start":{"line":80,"column":4},"end":{"line":82,"column":null}},"10":{"start":{"line":81,"column":6},"end":{"line":81,"column":54}},"11":{"start":{"line":83,"column":4},"end":{"line":83,"column":66}},"12":{"start":{"line":86,"column":9},"end":{"line":103,"column":4}},"13":{"start":{"line":87,"column":19},"end":{"line":87,"column":63}},"14":{"start":{"line":88,"column":4},"end":{"line":88,"column":30}},"15":{"start":{"line":89,"column":4},"end":{"line":89,"column":34}},"16":{"start":{"line":90,"column":4},"end":{"line":90,"column":30}},"17":{"start":{"line":91,"column":4},"end":{"line":91,"column":36}},"18":{"start":{"line":92,"column":4},"end":{"line":92,"column":34}},"19":{"start":{"line":93,"column":4},"end":{"line":93,"column":32}},"20":{"start":{"line":94,"column":4},"end":{"line":94,"column":40}},"21":{"start":{"line":95,"column":4},"end":{"line":95,"column":24}},"22":{"start":{"line":97,"column":4},"end":{"line":97,"column":36}},"23":{"start":{"line":98,"column":4},"end":{"line":98,"column":45}},"24":{"start":{"line":99,"column":4},"end":{"line":99,"column":29}},"25":{"start":{"line":100,"column":4},"end":{"line":100,"column":44}},"26":{"start":{"line":101,"column":4},"end":{"line":101,"column":42}},"27":{"start":{"line":102,"column":4},"end":{"line":102,"column":18}},"28":{"start":{"line":9,"column":19},"end":{"line":9,"column":61}},"29":{"start":{"line":10,"column":19},"end":{"line":10,"column":58}},"30":{"start":{"line":11,"column":19},"end":{"line":11,"column":57}},"31":{"start":{"line":13,"column":2},"end":{"line":14,"column":null}},"32":{"start":{"line":16,"column":2},"end":{"line":17,"column":null}},"33":{"start":{"line":19,"column":2},"end":{"line":20,"column":null}},"34":{"start":{"line":22,"column":2},"end":{"line":23,"column":null}},"35":{"start":{"line":25,"column":2},"end":{"line":26,"column":null}},"36":{"start":{"line":28,"column":2},"end":{"line":29,"column":null}},"37":{"start":{"line":31,"column":2},"end":{"line":32,"column":null}},"38":{"start":{"line":34,"column":2},"end":{"line":35,"column":null}},"39":{"start":{"line":37,"column":2},"end":{"line":38,"column":null}},"40":{"start":{"line":40,"column":2},"end":{"line":41,"column":null}},"41":{"start":{"line":43,"column":2},"end":{"line":44,"column":null}},"42":{"start":{"line":46,"column":2},"end":{"line":47,"column":null}},"43":{"start":{"line":49,"column":2},"end":{"line":50,"column":null}},"44":{"start":{"line":52,"column":2},"end":{"line":53,"column":null}},"45":{"start":{"line":55,"column":2},"end":{"line":56,"column":null}},"46":{"start":{"line":58,"column":2},"end":{"line":59,"column":null}},"47":{"start":{"line":61,"column":2},"end":{"line":62,"column":null}},"48":{"start":{"line":64,"column":2},"end":{"line":65,"column":null}},"49":{"start":{"line":67,"column":2},"end":{"line":68,"column":null}},"50":{"start":{"line":70,"column":2},"end":{"line":71,"column":null}},"51":{"start":{"line":73,"column":2},"end":{"line":74,"column":null}},"52":{"start":{"line":104,"column":0},"end":{"line":104,"column":null}},"53":{"start":{"line":8,"column":13},"end":{"line":8,"column":34}}},"fnMap":{"0":{"name":"(anonymous_8)","decl":{"start":{"line":8,"column":0},"end":{"line":8,"column":13}},"loc":{"start":{"line":8,"column":0},"end":{"line":8,"column":13}}},"1":{"name":"(anonymous_10)","decl":{"start":{"line":76,"column":21},"end":{"line":76,"column":22}},"loc":{"start":{"line":76,"column":38},"end":{"line":84,"column":3}}},"2":{"name":"(anonymous_11)","decl":{"start":{"line":86,"column":32},"end":{"line":86,"column":null}},"loc":{"start":{"line":86,"column":32},"end":{"line":103,"column":3}}}},"branchMap":{"0":{"loc":{"start":{"line":8,"column":0},"end":{"line":8,"column":13}},"type":"binary-expr","locations":[{"start":{"line":8,"column":0},"end":{"line":8,"column":13}},{"start":{"line":8,"column":0},"end":{"line":8,"column":13}},{"start":{"line":8,"column":0},"end":{"line":8,"column":13}}]},"1":{"loc":{"start":{"line":77,"column":4},"end":{"line":79,"column":null}},"type":"if","locations":[{"start":{"line":77,"column":4},"end":{"line":79,"column":null}}]},"2":{"loc":{"start":{"line":80,"column":4},"end":{"line":82,"column":null}},"type":"if","locations":[{"start":{"line":80,"column":4},"end":{"line":82,"column":null}}]}},"s":{"0":0,"1":0,"2":0,"3":0,"4":0,"5":0,"6":0,"7":0,"8":0,"9":0,"10":0,"11":0,"12":0,"13":0,"14":0,"15":0,"16":0,"17":0,"18":0,"19":0,"20":0,"21":0,"22":0,"23":0,"24":0,"25":0,"26":0,"27":0,"28":0,"29":0,"30":0,"31":0,"32":0,"33":0,"34":0,"35":0,"36":0,"37":0,"38":0,"39":0,"40":0,"41":0,"42":0,"43":0,"44":0,"45":0,"46":0,"47":0,"48":0,"49":0,"50":0,"51":0,"52":0,"53":0},"f":{"0":0,"1":0,"2":0},"b":{"0":[0,0,0],"1":[0],"2":[0]}}
,"/Users/jamescool/merchi_sdk_ts/src/entities/variation_option.ts": {"path":"/Users/jamescool/merchi_sdk_ts/src/entities/variation_option.ts","statementMap":{"0":{"start":{"line":1,"column":0},"end":{"line":1,"column":38}},"1":{"start":{"line":2,"column":0},"end":{"line":2,"column":39}},"2":{"start":{"line":4,"column":0},"end":{"line":4,"column":null}},"3":{"start":{"line":4,"column":37},"end":{"line":4,"column":43}},"4":{"start":{"line":5,"column":19},"end":{"line":5,"column":52}},"5":{"start":{"line":6,"column":19},"end":{"line":6,"column":51}},"6":{"start":{"line":8,"column":2},"end":{"line":9,"column":null}},"7":{"start":{"line":11,"column":2},"end":{"line":12,"column":null}},"8":{"start":{"line":14,"column":2},"end":{"line":15,"column":null}},"9":{"start":{"line":17,"column":2},"end":{"line":18,"column":null}},"10":{"start":{"line":20,"column":2},"end":{"line":21,"column":null}},"11":{"start":{"line":23,"column":2},"end":{"line":24,"column":null}},"12":{"start":{"line":26,"column":2},"end":{"line":27,"column":null}},"13":{"start":{"line":29,"column":2},"end":{"line":30,"column":null}},"14":{"start":{"line":32,"column":2},"end":{"line":33,"column":null}},"15":{"start":{"line":35,"column":2},"end":{"line":36,"column":null}},"16":{"start":{"line":38,"column":2},"end":{"line":39,"column":null}},"17":{"start":{"line":41,"column":2},"end":{"line":42,"column":null}},"18":{"start":{"line":44,"column":2},"end":{"line":45,"column":null}},"19":{"start":{"line":47,"column":2},"end":{"line":48,"column":null}},"20":{"start":{"line":50,"column":2},"end":{"line":51,"column":null}},"21":{"start":{"line":53,"column":2},"end":{"line":54,"column":null}},"22":{"start":{"line":56,"column":2},"end":{"line":57,"column":null}},"23":{"start":{"line":58,"column":0},"end":{"line":58,"column":null}},"24":{"start":{"line":4,"column":13},"end":{"line":4,"column":28}}},"fnMap":{"0":{"name":"(anonymous_8)","decl":{"start":{"line":4,"column":0},"end":{"line":4,"column":13}},"loc":{"start":{"line":4,"column":0},"end":{"line":4,"column":13}}}},"branchMap":{},"s":{"0":0,"1":0,"2":0,"3":0,"4":0,"5":0,"6":0,"7":0,"8":0,"9":0,"10":0,"11":0,"12":0,"13":0,"14":0,"15":0,"16":0,"17":0,"18":0,"19":0,"20":0,"21":0,"22":0,"23":0,"24":0},"f":{"0":0},"b":{}}
,"/Users/jamescool/merchi_sdk_ts/src/entities/variations_group.ts": {"path":"/Users/jamescool/merchi_sdk_ts/src/entities/variations_group.ts","statementMap":{"0":{"start":{"line":1,"column":0},"end":{"line":1,"column":42}},"1":{"start":{"line":2,"column":0},"end":{"line":2,"column":38}},"2":{"start":{"line":3,"column":0},"end":{"line":3,"column":31}},"3":{"start":{"line":5,"column":0},"end":{"line":5,"column":60}},"4":{"start":{"line":7,"column":0},"end":{"line":7,"column":null}},"5":{"start":{"line":7,"column":37},"end":{"line":7,"column":43}},"6":{"start":{"line":8,"column":19},"end":{"line":8,"column":54}},"7":{"start":{"line":9,"column":19},"end":{"line":9,"column":52}},"8":{"start":{"line":10,"column":19},"end":{"line":10,"column":51}},"9":{"start":{"line":12,"column":2},"end":{"line":13,"column":null}},"10":{"start":{"line":15,"column":2},"end":{"line":16,"column":null}},"11":{"start":{"line":18,"column":2},"end":{"line":19,"column":null}},"12":{"start":{"line":21,"column":2},"end":{"line":22,"column":null}},"13":{"start":{"line":24,"column":2},"end":{"line":25,"column":null}},"14":{"start":{"line":27,"column":2},"end":{"line":28,"column":null}},"15":{"start":{"line":30,"column":2},"end":{"line":31,"column":null}},"16":{"start":{"line":33,"column":2},"end":{"line":34,"column":null}},"17":{"start":{"line":36,"column":2},"end":{"line":37,"column":null}},"18":{"start":{"line":39,"column":2},"end":{"line":40,"column":null}},"19":{"start":{"line":41,"column":0},"end":{"line":41,"column":null}},"20":{"start":{"line":7,"column":13},"end":{"line":7,"column":28}}},"fnMap":{"0":{"name":"(anonymous_8)","decl":{"start":{"line":7,"column":0},"end":{"line":7,"column":13}},"loc":{"start":{"line":7,"column":0},"end":{"line":7,"column":13}}}},"branchMap":{},"s":{"0":0,"1":0,"2":0,"3":0,"4":0,"5":0,"6":0,"7":0,"8":0,"9":0,"10":0,"11":0,"12":0,"13":0,"14":0,"15":0,"16":0,"17":0,"18":0,"19":0,"20":0},"f":{"0":0},"b":{}}
,"/Users/jamescool/merchi_sdk_ts/src/util/float.ts": {"path":"/Users/jamescool/merchi_sdk_ts/src/util/float.ts","statementMap":{"0":{"start":{"line":3,"column":20},"end":{"line":3,"column":21}},"1":{"start":{"line":4,"column":21},"end":{"line":4,"column":22}},"2":{"start":{"line":5,"column":2},"end":{"line":10,"column":null}},"3":{"start":{"line":5,"column":22},"end":{"line":5,"column":30}},"4":{"start":{"line":5,"column":28},"end":{"line":5,"column":30}},"5":{"start":{"line":5,"column":18},"end":{"line":5,"column":22}},"6":{"start":{"line":6,"column":14},"end":{"line":6,"column":34}},"7":{"start":{"line":7,"column":14},"end":{"line":7,"column":29}},"8":{"start":{"line":8,"column":4},"end":{"line":8,"column":41}},"9":{"start":{"line":9,"column":4},"end":{"line":9,"column":20}},"10":{"start":{"line":11,"column":2},"end":{"line":11,"column":21}},"11":{"start":{"line":1,"column":0},"end":{"line":1,"column":16}}},"fnMap":{"0":{"name":"kahanSum","decl":{"start":{"line":1,"column":16},"end":{"line":1,"column":24}},"loc":{"start":{"line":1,"column":49},"end":{"line":12,"column":1}}}},"branchMap":{},"s":{"0":0,"1":0,"2":0,"3":0,"4":0,"5":0,"6":0,"7":0,"8":0,"9":0,"10":0,"11":0},"f":{"0":0},"b":{}}
,"/Users/jamescool/merchi_sdk_ts/src/util/index.ts": {"path":"/Users/jamescool/merchi_sdk_ts/src/util/index.ts","statementMap":{"0":{"start":{"line":1,"column":0},"end":{"line":1,"column":50}},"1":{"start":{"line":5,"column":2},"end":{"line":5,"column":14}},"2":{"start":{"line":2,"column":0},"end":{"line":2,"column":46}},"3":{"start":{"line":6,"column":2},"end":{"line":6,"column":12}}},"fnMap":{},"branchMap":{},"s":{"0":0,"1":0,"2":0,"3":0},"f":{},"b":{}}
,"/Users/jamescool/merchi_sdk_ts/src/util/query_string.ts": {"path":"/Users/jamescool/merchi_sdk_ts/src/util/query_string.ts","statementMap":{"0":{"start":{"line":2,"column":2},"end":{"line":11,"column":null}},"1":{"start":{"line":3,"column":19},"end":{"line":3,"column":62}},"2":{"start":{"line":4,"column":17},"end":{"line":4,"column":33}},"3":{"start":{"line":5,"column":4},"end":{"line":10,"column":null}},"4":{"start":{"line":5,"column":17},"end":{"line":5,"column":18}},"5":{"start":{"line":6,"column":19},"end":{"line":6,"column":37}},"6":{"start":{"line":7,"column":6},"end":{"line":9,"column":null}},"7":{"start":{"line":8,"column":8},"end":{"line":8,"column":43}},"8":{"start":{"line":12,"column":2},"end":{"line":12,"column":19}},"9":{"start":{"line":1,"column":0},"end":{"line":1,"column":16}}},"fnMap":{"0":{"name":"getQueryStringValue","decl":{"start":{"line":1,"column":16},"end":{"line":1,"column":35}},"loc":{"start":{"line":1,"column":48},"end":{"line":13,"column":1}}}},"branchMap":{"0":{"loc":{"start":{"line":2,"column":2},"end":{"line":11,"column":null}},"type":"if","locations":[{"start":{"line":2,"column":2},"end":{"line":11,"column":null}}]},"1":{"loc":{"start":{"line":2,"column":7},"end":{"line":2,"column":54}},"type":"binary-expr","locations":[{"start":{"line":2,"column":7},"end":{"line":2,"column":21}},{"start":{"line":2,"column":25},"end":{"line":2,"column":54}}]},"2":{"loc":{"start":{"line":7,"column":6},"end":{"line":9,"column":null}},"type":"if","locations":[{"start":{"line":7,"column":6},"end":{"line":9,"column":null}}]}},"s":{"0":0,"1":0,"2":0,"3":0,"4":0,"5":0,"6":0,"7":0,"8":0,"9":0},"f":{"0":0},"b":{"0":[0],"1":[0,0],"2":[0]}}
,"/Users/jamescool/merchi_sdk_ts/src/util/validation.ts": {"path":"/Users/jamescool/merchi_sdk_ts/src/util/validation.ts","statementMap":{"0":{"start":{"line":1,"column":33},"end":{"line":2,"column":7}},"1":{"start":{"line":2,"column":2},"end":{"line":2,"column":40}},"2":{"start":{"line":1,"column":13},"end":{"line":1,"column":33}}},"fnMap":{"0":{"name":"(anonymous_0)","decl":{"start":{"line":1,"column":33},"end":{"line":1,"column":34}},"loc":{"start":{"line":1,"column":44},"end":{"line":2,"column":7}}}},"branchMap":{"0":{"loc":{"start":{"line":2,"column":2},"end":{"line":2,"column":39}},"type":"binary-expr","locations":[{"start":{"line":2,"column":2},"end":{"line":2,"column":21}},{"start":{"line":2,"column":25},"end":{"line":2,"column":39}}]}},"s":{"0":0,"1":0,"2":0},"f":{"0":0},"b":{"0":[0,0]}}
}
